Importer Log Report
Project : H3_PROTOTYPE_DDR3_16X2_V3_0_20141113.PrjPcb

Section : Document - D:\GitHub\H3chip\0.Documents\全志H3参考设计\DDR3 16bitX2\H3_PROTOTYPE_DDR3_16X2_V3_0_20141113.DSN

    Section : Importing Sheet - 05 DDR3 16X2.SchDoc
        Warning : Junction at (162.56mm,83.82mm) has been added.
        Warning : Junction at (20.32mm,109.22mm) has been removed. It will be automatically calculated.
        Warning : Junction at (20.32mm,111.76mm) has been removed. It will be automatically calculated.
        Warning : Junction at (86.36mm,88.9mm) has been removed. It will be automatically calculated.
        Warning : Junction at (86.36mm,91.44mm) has been removed. It will be automatically calculated.
        Warning : Junction at (20.32mm,88.9mm) has been removed. It will be automatically calculated.
        Warning : Junction at (86.36mm,93.98mm) has been removed. It will be automatically calculated.
        Warning : Junction at (20.32mm,71.12mm) has been removed. It will be automatically calculated.
        Warning : Junction at (20.32mm,73.66mm) has been removed. It will be automatically calculated.
        Warning : Junction at (20.32mm,114.3mm) has been removed. It will be automatically calculated.
        Warning : Junction at (20.32mm,106.68mm) has been removed. It will be automatically calculated.
        Warning : Junction at (20.32mm,104.14mm) has been removed. It will be automatically calculated.
        Warning : Junction at (20.32mm,101.6mm) has been removed. It will be automatically calculated.
        Warning : Junction at (20.32mm,99.06mm) has been removed. It will be automatically calculated.
        Warning : Junction at (20.32mm,96.52mm) has been removed. It will be automatically calculated.
        Warning : Junction at (20.32mm,93.98mm) has been removed. It will be automatically calculated.
        Warning : Junction at (20.32mm,91.44mm) has been removed. It will be automatically calculated.
        Warning : Junction at (20.32mm,86.36mm) has been removed. It will be automatically calculated.
        Warning : Junction at (20.32mm,83.82mm) has been removed. It will be automatically calculated.
        Warning : Junction at (20.32mm,81.28mm) has been removed. It will be automatically calculated.
        Warning : Junction at (20.32mm,78.74mm) has been removed. It will be automatically calculated.
        Warning : Junction at (20.32mm,76.2mm) has been removed. It will be automatically calculated.
        Warning : Junction at (20.32mm,68.58mm) has been removed. It will be automatically calculated.
        Warning : Junction at (20.32mm,66.04mm) has been removed. It will be automatically calculated.
        Warning : Junction at (20.32mm,63.5mm) has been removed. It will be automatically calculated.
        Warning : Junction at (86.36mm,114.3mm) has been removed. It will be automatically calculated.
        Warning : Junction at (86.36mm,106.68mm) has been removed. It will be automatically calculated.
        Warning : Junction at (86.36mm,104.14mm) has been removed. It will be automatically calculated.
        Warning : Junction at (86.36mm,101.6mm) has been removed. It will be automatically calculated.
        Warning : Junction at (86.36mm,99.06mm) has been removed. It will be automatically calculated.
        Warning : Junction at (86.36mm,83.82mm) has been removed. It will be automatically calculated.
        Warning : Junction at (86.36mm,81.28mm) has been removed. It will be automatically calculated.
        Warning : Junction at (86.36mm,78.74mm) has been removed. It will be automatically calculated.
        Warning : Junction at (86.36mm,109.22mm) has been removed. It will be automatically calculated.
        Warning : Junction at (86.36mm,111.76mm) has been removed. It will be automatically calculated.
        Warning : Junction at (86.36mm,71.12mm) has been removed. It will be automatically calculated.
        Warning : Junction at (86.36mm,73.66mm) has been removed. It will be automatically calculated.
        Warning : Junction at (86.36mm,76.2mm) has been removed. It will be automatically calculated.
        Warning : Junction at (86.36mm,96.52mm) has been removed. It will be automatically calculated.
        Warning : Junction at (86.36mm,63.5mm) has been removed. It will be automatically calculated.
        Warning : Junction at (86.36mm,66.04mm) has been removed. It will be automatically calculated.
        Warning : Junction at (86.36mm,68.58mm) has been removed. It will be automatically calculated.
        Warning : Junction at (86.36mm,86.36mm) has been removed. It will be automatically calculated.
        Warning : Junction at (86.36mm,60.96mm) has been removed. It will be automatically calculated.
        Warning : Junction at (20.32mm,60.96mm) has been removed. It will be automatically calculated.
        Warning : Junction at (20.32mm,58.42mm) has been removed. It will be automatically calculated.
        Warning : Junction at (86.36mm,58.42mm) has been removed. It will be automatically calculated.
        Warning : Junction at (81.28mm,162.56mm) has been removed. It will be automatically calculated.
        Warning : Junction at (81.28mm,165.1mm) has been removed. It will be automatically calculated.
        Warning : Junction at (81.28mm,160.02mm) has been removed. It will be automatically calculated.
        Warning : Junction at (81.28mm,157.48mm) has been removed. It will be automatically calculated.
        Warning : Junction at (81.28mm,154.94mm) has been removed. It will be automatically calculated.
        Warning : Junction at (81.28mm,152.4mm) has been removed. It will be automatically calculated.
        Warning : Junction at (81.28mm,149.86mm) has been removed. It will be automatically calculated.
        Warning : Junction at (81.28mm,142.24mm) has been removed. It will be automatically calculated.
        Warning : Junction at (81.28mm,144.78mm) has been removed. It will be automatically calculated.
        Warning : Junction at (81.28mm,147.32mm) has been removed. It will be automatically calculated.
        Warning : Junction at (299.72mm,198.12mm) has been removed. It will be automatically calculated.
        Warning : Junction at (299.72mm,195.58mm) has been removed. It will be automatically calculated.
        Warning : Junction at (299.72mm,160.02mm) has been removed. It will be automatically calculated.
        Warning : Junction at (299.72mm,167.64mm) has been removed. It will be automatically calculated.
        Warning : Junction at (299.72mm,187.96mm) has been removed. It will be automatically calculated.
        Warning : Junction at (299.72mm,170.18mm) has been removed. It will be automatically calculated.
        Warning : Junction at (299.72mm,180.34mm) has been removed. It will be automatically calculated.
        Warning : Junction at (299.72mm,182.88mm) has been removed. It will be automatically calculated.
        Warning : Junction at (299.72mm,185.42mm) has been removed. It will be automatically calculated.
        Warning : Junction at (299.72mm,172.72mm) has been removed. It will be automatically calculated.
        Warning : Junction at (299.72mm,175.26mm) has been removed. It will be automatically calculated.
        Warning : Junction at (299.72mm,190.5mm) has been removed. It will be automatically calculated.
        Warning : Junction at (299.72mm,162.56mm) has been removed. It will be automatically calculated.
        Warning : Junction at (299.72mm,165.1mm) has been removed. It will be automatically calculated.
        Warning : Junction at (299.72mm,177.8mm) has been removed. It will be automatically calculated.
        Warning : Junction at (299.72mm,193.04mm) has been removed. It will be automatically calculated.
        Warning : Junction at (337.82mm,180.34mm) has been removed. It will be automatically calculated.
        Warning : Junction at (337.82mm,167.64mm) has been removed. It will be automatically calculated.
        Warning : Junction at (337.82mm,170.18mm) has been removed. It will be automatically calculated.
        Warning : Junction at (337.82mm,142.24mm) has been removed. It will be automatically calculated.
        Warning : Junction at (337.82mm,160.02mm) has been removed. It will be automatically calculated.
        Warning : Junction at (337.82mm,144.78mm) has been removed. It will be automatically calculated.
        Warning : Junction at (337.82mm,147.32mm) has been removed. It will be automatically calculated.
        Warning : Junction at (337.82mm,172.72mm) has been removed. It will be automatically calculated.
        Warning : Junction at (337.82mm,162.56mm) has been removed. It will be automatically calculated.
        Warning : Junction at (337.82mm,165.1mm) has been removed. It will be automatically calculated.
        Warning : Junction at (337.82mm,149.86mm) has been removed. It will be automatically calculated.
        Warning : Junction at (337.82mm,139.7mm) has been removed. It will be automatically calculated.
        Warning : Junction at (337.82mm,175.26mm) has been removed. It will be automatically calculated.
        Warning : Junction at (337.82mm,177.8mm) has been removed. It will be automatically calculated.
        Warning : Junction at (337.82mm,152.4mm) has been removed. It will be automatically calculated.
        Warning : Junction at (337.82mm,154.94mm) has been removed. It will be automatically calculated.
        Warning : Junction at (337.82mm,157.48mm) has been removed. It will be automatically calculated.
        Warning : Junction at (337.82mm,187.96mm) has been removed. It will be automatically calculated.
        Warning : Junction at (337.82mm,182.88mm) has been removed. It will be automatically calculated.
        Warning : Junction at (337.82mm,185.42mm) has been removed. It will be automatically calculated.
        Warning : Junction at (208.28mm,198.12mm) has been removed. It will be automatically calculated.
        Warning : Junction at (208.28mm,170.18mm) has been removed. It will be automatically calculated.
        Warning : Junction at (208.28mm,177.8mm) has been removed. It will be automatically calculated.
        Warning : Junction at (208.28mm,180.34mm) has been removed. It will be automatically calculated.
        Warning : Junction at (208.28mm,167.64mm) has been removed. It will be automatically calculated.
        Warning : Junction at (208.28mm,187.96mm) has been removed. It will be automatically calculated.
        Warning : Junction at (208.28mm,182.88mm) has been removed. It will be automatically calculated.
        Warning : Junction at (208.28mm,185.42mm) has been removed. It will be automatically calculated.
        Warning : Junction at (208.28mm,172.72mm) has been removed. It will be automatically calculated.
        Warning : Junction at (208.28mm,175.26mm) has been removed. It will be automatically calculated.
        Warning : Junction at (208.28mm,190.5mm) has been removed. It will be automatically calculated.
        Warning : Junction at (208.28mm,193.04mm) has been removed. It will be automatically calculated.
        Warning : Junction at (208.28mm,195.58mm) has been removed. It will be automatically calculated.
        Warning : Junction at (208.28mm,162.56mm) has been removed. It will be automatically calculated.
        Warning : Junction at (208.28mm,165.1mm) has been removed. It will be automatically calculated.
        Warning : Junction at (246.38mm,142.24mm) has been removed. It will be automatically calculated.
        Warning : Junction at (208.28mm,160.02mm) has been removed. It will be automatically calculated.
        Warning : Junction at (246.38mm,180.34mm) has been removed. It will be automatically calculated.
        Warning : Junction at (246.38mm,167.64mm) has been removed. It will be automatically calculated.
        Warning : Junction at (246.38mm,170.18mm) has been removed. It will be automatically calculated.
        Warning : Junction at (246.38mm,154.94mm) has been removed. It will be automatically calculated.
        Warning : Junction at (246.38mm,157.48mm) has been removed. It will be automatically calculated.
        Warning : Junction at (246.38mm,160.02mm) has been removed. It will be automatically calculated.
        Warning : Junction at (246.38mm,172.72mm) has been removed. It will be automatically calculated.
        Warning : Junction at (246.38mm,144.78mm) has been removed. It will be automatically calculated.
        Warning : Junction at (246.38mm,147.32mm) has been removed. It will be automatically calculated.
        Warning : Junction at (246.38mm,175.26mm) has been removed. It will be automatically calculated.
        Warning : Junction at (246.38mm,162.56mm) has been removed. It will be automatically calculated.
        Warning : Junction at (246.38mm,165.1mm) has been removed. It will be automatically calculated.
        Warning : Junction at (246.38mm,139.7mm) has been removed. It will be automatically calculated.
        Warning : Junction at (246.38mm,177.8mm) has been removed. It will be automatically calculated.
        Warning : Junction at (246.38mm,149.86mm) has been removed. It will be automatically calculated.
        Warning : Junction at (246.38mm,152.4mm) has been removed. It will be automatically calculated.
        Warning : Junction at (246.38mm,187.96mm) has been removed. It will be automatically calculated.
        Warning : Junction at (246.38mm,182.88mm) has been removed. It will be automatically calculated.
        Warning : Junction at (246.38mm,185.42mm) has been removed. It will be automatically calculated.
        Warning : Junction at (383.54mm,76.2mm) has been removed. It will be automatically calculated.
        Warning : Junction at (373.38mm,76.2mm) has been removed. It will be automatically calculated.
        Warning : Junction at (363.22mm,76.2mm) has been removed. It will be automatically calculated.
        Warning : Junction at (353.06mm,88.9mm) has been removed. It will be automatically calculated.
        Warning : Junction at (373.38mm,88.9mm) has been removed. It will be automatically calculated.
        Warning : Junction at (363.22mm,88.9mm) has been removed. It will be automatically calculated.
        Warning : Junction at (353.06mm,76.2mm) has been removed. It will be automatically calculated.
        Warning : Junction at (383.54mm,88.9mm) has been removed. It will be automatically calculated.
        Warning : Junction at (233.68mm,88.9mm) has been removed. It will be automatically calculated.
        Warning : Junction at (264.16mm,76.2mm) has been removed. It will be automatically calculated.
        Warning : Junction at (304.8mm,88.9mm) has been removed. It will be automatically calculated.
        Warning : Junction at (304.8mm,76.2mm) has been removed. It will be automatically calculated.
        Warning : Junction at (274.32mm,76.2mm) has been removed. It will be automatically calculated.
        Warning : Junction at (294.64mm,76.2mm) has been removed. It will be automatically calculated.
        Warning : Junction at (284.48mm,76.2mm) has been removed. It will be automatically calculated.
        Warning : Junction at (294.64mm,88.9mm) has been removed. It will be automatically calculated.
        Warning : Junction at (284.48mm,88.9mm) has been removed. It will be automatically calculated.
        Warning : Junction at (274.32mm,88.9mm) has been removed. It will be automatically calculated.
        Warning : Junction at (233.68mm,76.2mm) has been removed. It will be automatically calculated.
        Warning : Junction at (213.36mm,76.2mm) has been removed. It will be automatically calculated.
        Warning : Junction at (203.2mm,76.2mm) has been removed. It will be automatically calculated.
        Warning : Junction at (213.36mm,88.9mm) has been removed. It will be automatically calculated.
        Warning : Junction at (203.2mm,88.9mm) has been removed. It will be automatically calculated.
        Warning : Junction at (223.52mm,88.9mm) has been removed. It will be automatically calculated.
        Warning : Junction at (152.4mm,38.1mm) has been removed. It will be automatically calculated.
        Warning : Junction at (152.4mm,83.82mm) has been removed. It will be automatically calculated.
        Warning : Junction at (152.4mm,66.04mm) has been removed. It will be automatically calculated.
        Warning : Junction at (193.04mm,76.2mm) has been removed. It will be automatically calculated.
        Warning : Junction at (223.52mm,76.2mm) has been removed. It will be automatically calculated.
        Warning : Junction at (341.63mm,57.15mm) has been removed. It will be automatically calculated.
        Warning : Junction at (331.47mm,57.15mm) has been removed. It will be automatically calculated.
        Warning : Junction at (321.31mm,44.45mm) has been removed. It will be automatically calculated.
        Warning : Junction at (321.31mm,57.15mm) has been removed. It will be automatically calculated.
        Warning : Junction at (341.63mm,44.45mm) has been removed. It will be automatically calculated.
        Warning : Junction at (331.47mm,44.45mm) has been removed. It will be automatically calculated.
    EndSection

    Section : Importing Sheet - 06 CPU.SchDoc
        Warning : Junction at (236.22mm,25.4mm) has been added.
        Warning : Junction at (149.86mm,22.86mm) has been removed. It will be automatically calculated.
        Warning : Junction at (170.18mm,22.86mm) has been removed. It will be automatically calculated.
        Warning : Junction at (154.94mm,10.16mm) has been removed. It will be automatically calculated.
        Warning : Junction at (172.72mm,7.62mm) has been removed. It will be automatically calculated.
        Warning : Junction at (195.58mm,7.62mm) has been removed. It will be automatically calculated.
        Warning : Junction at (134.62mm,7.62mm) has been removed. It will be automatically calculated.
        Warning : Junction at (170.18mm,7.62mm) has been removed. It will be automatically calculated.
        Warning : Junction at (154.94mm,7.62mm) has been removed. It will be automatically calculated.
        Warning : Junction at (185.42mm,7.62mm) has been removed. It will be automatically calculated.
        Warning : Junction at (170.18mm,48.26mm) has been removed. It will be automatically calculated.
        Warning : Junction at (177.8mm,48.26mm) has been removed. It will be automatically calculated.
        Warning : Junction at (170.18mm,35.56mm) has been removed. It will be automatically calculated.
        Warning : Junction at (193.04mm,35.56mm) has been removed. It will be automatically calculated.
        Warning : Junction at (185.42mm,48.26mm) has been removed. It will be automatically calculated.
        Warning : Junction at (177.8mm,35.56mm) has been removed. It will be automatically calculated.
        Warning : Junction at (185.42mm,35.56mm) has been removed. It will be automatically calculated.
        Warning : Junction at (93.98mm,35.56mm) has been removed. It will be automatically calculated.
        Warning : Junction at (86.36mm,48.26mm) has been removed. It will be automatically calculated.
        Warning : Junction at (162.56mm,48.26mm) has been removed. It will be automatically calculated.
        Warning : Junction at (121.92mm,48.26mm) has been removed. It will be automatically calculated.
        Warning : Junction at (137.16mm,35.56mm) has been removed. It will be automatically calculated.
        Warning : Junction at (129.54mm,35.56mm) has been removed. It will be automatically calculated.
        Warning : Junction at (144.78mm,48.26mm) has been removed. It will be automatically calculated.
        Warning : Junction at (152.4mm,35.56mm) has been removed. It will be automatically calculated.
        Warning : Junction at (144.78mm,35.56mm) has been removed. It will be automatically calculated.
        Warning : Junction at (137.16mm,48.26mm) has been removed. It will be automatically calculated.
        Warning : Junction at (129.54mm,48.26mm) has been removed. It will be automatically calculated.
        Warning : Junction at (114.3mm,35.56mm) has been removed. It will be automatically calculated.
        Warning : Junction at (106.68mm,48.26mm) has been removed. It will be automatically calculated.
        Warning : Junction at (396.24mm,147.32mm) has been removed. It will be automatically calculated.
        Warning : Junction at (177.8mm,154.94mm) has been removed. It will be automatically calculated.
        Warning : Junction at (160.02mm,154.94mm) has been removed. It will be automatically calculated.
        Warning : Junction at (170.18mm,88.9mm) has been removed. It will be automatically calculated.
        Warning : Junction at (327.66mm,264.16mm) has been removed. It will be automatically calculated.
        Warning : Junction at (327.66mm,261.62mm) has been removed. It will be automatically calculated.
        Warning : Junction at (327.66mm,246.38mm) has been removed. It will be automatically calculated.
        Warning : Junction at (327.66mm,248.92mm) has been removed. It will be automatically calculated.
        Warning : Junction at (327.66mm,251.46mm) has been removed. It will be automatically calculated.
        Warning : Junction at (327.66mm,243.84mm) has been removed. It will be automatically calculated.
        Warning : Junction at (327.66mm,256.54mm) has been removed. It will be automatically calculated.
        Warning : Junction at (327.66mm,259.08mm) has been removed. It will be automatically calculated.
        Warning : Junction at (327.66mm,269.24mm) has been removed. It will be automatically calculated.
        Warning : Junction at (327.66mm,271.78mm) has been removed. It will be automatically calculated.
        Warning : Junction at (327.66mm,254mm) has been removed. It will be automatically calculated.
        Warning : Junction at (327.66mm,266.7mm) has been removed. It will be automatically calculated.
        Warning : Junction at (406.4mm,271.78mm) has been removed. It will be automatically calculated.
        Warning : Junction at (406.4mm,266.7mm) has been removed. It will be automatically calculated.
        Warning : Junction at (406.4mm,248.92mm) has been removed. It will be automatically calculated.
        Warning : Junction at (406.4mm,261.62mm) has been removed. It will be automatically calculated.
        Warning : Junction at (406.4mm,264.16mm) has been removed. It will be automatically calculated.
        Warning : Junction at (406.4mm,256.54mm) has been removed. It will be automatically calculated.
        Warning : Junction at (406.4mm,259.08mm) has been removed. It will be automatically calculated.
        Warning : Junction at (406.4mm,251.46mm) has been removed. It will be automatically calculated.
        Warning : Junction at (406.4mm,254mm) has been removed. It will be automatically calculated.
        Warning : Junction at (406.4mm,269.24mm) has been removed. It will be automatically calculated.
        Warning : Junction at (406.4mm,246.38mm) has been removed. It will be automatically calculated.
        Warning : Junction at (383.54mm,129.54mm) has been removed. It will be automatically calculated.
        Warning : Junction at (76.2mm,7.62mm) has been removed. It will be automatically calculated.
        Warning : Junction at (63.5mm,7.62mm) has been removed. It will be automatically calculated.
        Warning : Junction at (246.38mm,66.04mm) has been removed. It will be automatically calculated.
        Warning : Junction at (63.5mm,91.44mm) has been removed. It will be automatically calculated.
        Warning : Junction at (55.88mm,76.2mm) has been removed. It will be automatically calculated.
        Warning : Junction at (55.88mm,88.9mm) has been removed. It will be automatically calculated.
        Warning : Junction at (327.66mm,226.06mm) has been removed. It will be automatically calculated.
        Warning : Junction at (406.4mm,231.14mm) has been removed. It will be automatically calculated.
        Warning : Junction at (406.4mm,233.68mm) has been removed. It will be automatically calculated.
        Warning : Junction at (406.4mm,228.6mm) has been removed. It will be automatically calculated.
        Warning : Junction at (406.4mm,236.22mm) has been removed. It will be automatically calculated.
        Warning : Junction at (406.4mm,226.06mm) has been removed. It will be automatically calculated.
        Warning : Junction at (322.58mm,238.76mm) has been removed. It will be automatically calculated.
        Warning : Junction at (157.48mm,81.28mm) has been removed. It will be automatically calculated.
        Warning : Junction at (312.42mm,165.1mm) has been removed. It will be automatically calculated.
        Warning : Junction at (386.08mm,91.44mm) has been removed. It will be automatically calculated.
        Warning : Junction at (393.7mm,88.9mm) has been removed. It will be automatically calculated.
        Warning : Junction at (51.31mm,53.34mm) has been removed. It will be automatically calculated.
        Warning : Junction at (71.12mm,43.18mm) has been removed. It will be automatically calculated.
        Warning : Junction at (55.88mm,60.96mm) has been removed. It will be automatically calculated.
        Warning : Junction at (45.72mm,60.96mm) has been removed. It will be automatically calculated.
        Warning : Junction at (55.88mm,43.18mm) has been removed. It will be automatically calculated.
        Warning : Junction at (45.72mm,43.18mm) has been removed. It will be automatically calculated.
        Warning : Junction at (269.24mm,78.74mm) has been removed. It will be automatically calculated.
        Warning : Junction at (264.16mm,78.74mm) has been removed. It will be automatically calculated.
        Warning : Junction at (81.28mm,76.2mm) has been removed. It will be automatically calculated.
        Warning : Junction at (81.28mm,93.98mm) has been removed. It will be automatically calculated.
        Warning : Junction at (88.9mm,96.52mm) has been removed. It will be automatically calculated.
        Warning : Junction at (226.06mm,78.74mm) has been removed. It will be automatically calculated.
        Warning : Junction at (33.02mm,25.4mm) has been removed. It will be automatically calculated.
    EndSection

    Section : Importing Sheet - 07 POWER.SchDoc
        Warning : Junction at (12.7mm,167.64mm) has been removed. It will be automatically calculated.
        Warning : Junction at (12.7mm,152.4mm) has been removed. It will be automatically calculated.
        Warning : Junction at (12.7mm,160.02mm) has been removed. It will be automatically calculated.
        Warning : Junction at (76.2mm,165.1mm) has been removed. It will be automatically calculated.
        Warning : Junction at (76.2mm,170.18mm) has been removed. It will be automatically calculated.
        Warning : Junction at (12.7mm,144.78mm) has been removed. It will be automatically calculated.
        Warning : Junction at (12.7mm,137.16mm) has been removed. It will be automatically calculated.
        Warning : Junction at (12.7mm,129.54mm) has been removed. It will be automatically calculated.
        Warning : Junction at (12.7mm,121.92mm) has been removed. It will be automatically calculated.
        Warning : Junction at (76.2mm,93.98mm) has been removed. It will be automatically calculated.
        Warning : Junction at (12.7mm,101.6mm) has been removed. It will be automatically calculated.
        Warning : Junction at (12.7mm,106.68mm) has been removed. It will be automatically calculated.
        Warning : Junction at (12.7mm,114.3mm) has been removed. It will be automatically calculated.
        Warning : Junction at (12.7mm,86.36mm) has been removed. It will be automatically calculated.
        Warning : Junction at (12.7mm,93.98mm) has been removed. It will be automatically calculated.
        Warning : Junction at (406.4mm,259.08mm) has been removed. It will be automatically calculated.
        Warning : Junction at (149.86mm,245.11mm) has been removed. It will be automatically calculated.
        Warning : Junction at (248.92mm,256.54mm) has been removed. It will be automatically calculated.
        Warning : Junction at (243.84mm,256.54mm) has been removed. It will be automatically calculated.
        Warning : Junction at (213.36mm,251.46mm) has been removed. It will be automatically calculated.
        Warning : Junction at (233.68mm,256.54mm) has been removed. It will be automatically calculated.
        Warning : Junction at (238.76mm,256.54mm) has been removed. It will be automatically calculated.
        Warning : Junction at (157.48mm,259.08mm) has been removed. It will be automatically calculated.
        Warning : Junction at (149.86mm,259.08mm) has been removed. It will be automatically calculated.
        Warning : Junction at (368.3mm,243.84mm) has been removed. It will be automatically calculated.
        Warning : Junction at (373.38mm,254mm) has been removed. It will be automatically calculated.
        Warning : Junction at (363.22mm,254mm) has been removed. It will be automatically calculated.
        Warning : Junction at (294.64mm,162.56mm) has been removed. It will be automatically calculated.
        Warning : Junction at (391.16mm,172.72mm) has been removed. It will be automatically calculated.
        Warning : Junction at (396.24mm,172.72mm) has been removed. It will be automatically calculated.
        Warning : Junction at (355.6mm,167.64mm) has been removed. It will be automatically calculated.
        Warning : Junction at (378.46mm,172.72mm) has been removed. It will be automatically calculated.
        Warning : Junction at (383.54mm,172.72mm) has been removed. It will be automatically calculated.
        Warning : Junction at (307.34mm,175.26mm) has been removed. It will be automatically calculated.
        Warning : Junction at (198.12mm,172.72mm) has been removed. It will be automatically calculated.
        Warning : Junction at (149.86mm,172.72mm) has been removed. It will be automatically calculated.
        Warning : Junction at (149.86mm,182.88mm) has been removed. It will be automatically calculated.
        Warning : Junction at (236.22mm,162.56mm) has been removed. It will be automatically calculated.
        Warning : Junction at (215.9mm,182.88mm) has been removed. It will be automatically calculated.
        Warning : Junction at (226.06mm,182.88mm) has been removed. It will be automatically calculated.
        Warning : Junction at (236.22mm,182.88mm) has been removed. It will be automatically calculated.
        Warning : Junction at (91.44mm,254mm) has been removed. It will be automatically calculated.
        Warning : Junction at (91.44mm,269.24mm) has been removed. It will be automatically calculated.
        Warning : Junction at (78.74mm,269.24mm) has been removed. It will be automatically calculated.
        Warning : Junction at (78.74mm,254mm) has been removed. It will be automatically calculated.
        Warning : Junction at (30.48mm,261.62mm) has been removed. It will be automatically calculated.
        Warning : Junction at (111.76mm,269.24mm) has been removed. It will be automatically calculated.
        Warning : Junction at (170.18mm,86.36mm) has been removed. It will be automatically calculated.
        Warning : Junction at (170.18mm,88.9mm) has been removed. It will be automatically calculated.
        Warning : Junction at (170.18mm,83.82mm) has been removed. It will be automatically calculated.
        Warning : Junction at (152.4mm,81.28mm) has been removed. It will be automatically calculated.
        Warning : Junction at (162.56mm,88.9mm) has been removed. It will be automatically calculated.
        Warning : Junction at (152.4mm,88.9mm) has been removed. It will be automatically calculated.
        Warning : Junction at (198.12mm,86.36mm) has been removed. It will be automatically calculated.
        Warning : Junction at (198.12mm,88.9mm) has been removed. It will be automatically calculated.
        Warning : Junction at (220.98mm,88.9mm) has been removed. It will be automatically calculated.
        Warning : Junction at (223.52mm,76.2mm) has been removed. It will be automatically calculated.
        Warning : Junction at (254mm,68.58mm) has been removed. It will be automatically calculated.
        Warning : Junction at (261.62mm,68.58mm) has been removed. It will be automatically calculated.
        Warning : Junction at (254mm,88.9mm) has been removed. It will be automatically calculated.
        Warning : Junction at (271.78mm,88.9mm) has been removed. It will be automatically calculated.
        Warning : Junction at (261.62mm,88.9mm) has been removed. It will be automatically calculated.
        Warning : Junction at (271.78mm,68.58mm) has been removed. It will be automatically calculated.
        Warning : Junction at (243.84mm,83.82mm) has been removed. It will be automatically calculated.
        Warning : Junction at (180.34mm,50.8mm) has been removed. It will be automatically calculated.
        Warning : Junction at (182.88mm,50.8mm) has been removed. It will be automatically calculated.
        Warning : Junction at (185.42mm,50.8mm) has been removed. It will be automatically calculated.
        Warning : Junction at (142.24mm,88.9mm) has been removed. It will be automatically calculated.
        Warning : Junction at (132.08mm,88.9mm) has been removed. It will be automatically calculated.
        Warning : Junction at (142.24mm,81.28mm) has been removed. It will be automatically calculated.
        Warning : Junction at (281.94mm,88.9mm) has been removed. It will be automatically calculated.
        Warning : Junction at (398.78mm,259.08mm) has been removed. It will be automatically calculated.
        Warning : Junction at (322.58mm,254mm) has been removed. It will be automatically calculated.
        Warning : Junction at (332.74mm,233.68mm) has been removed. It will be automatically calculated.
        Warning : Junction at (378.46mm,60.96mm) has been removed. It will be automatically calculated.
        Warning : Junction at (386.08mm,45.72mm) has been removed. It will be automatically calculated.
        Warning : Junction at (386.08mm,60.96mm) has been removed. It will be automatically calculated.
        Warning : Junction at (66.04mm,269.24mm) has been removed. It will be automatically calculated.
        Warning : Junction at (45.72mm,269.24mm) has been removed. It will be automatically calculated.
        Warning : Junction at (35.56mm,269.24mm) has been removed. It will be automatically calculated.
        Warning : Junction at (40.64mm,269.24mm) has been removed. It will be automatically calculated.
        Warning : Junction at (388.62mm,119.38mm) has been removed. It will be automatically calculated.
        Warning : Junction at (358.14mm,104.14mm) has been removed. It will be automatically calculated.
        Warning : Junction at (396.24mm,119.38mm) has been removed. It will be automatically calculated.
        Warning : Junction at (363.22mm,114.3mm) has been removed. It will be automatically calculated.
        Warning : Junction at (353.06mm,114.3mm) has been removed. It will be automatically calculated.
        Warning : Junction at (294.64mm,175.26mm) has been removed. It will be automatically calculated.
        Warning : Junction at (403.86mm,172.72mm) has been removed. It will be automatically calculated.
    EndSection

    Section : Importing Sheet - 08 NAND-eMMC.SchDoc
        Warning : Junction at (322.58mm,81.28mm) has been removed. It will be automatically calculated.
        Warning : Junction at (332.74mm,185.42mm) has been removed. It will be automatically calculated.
        Warning : Junction at (304.8mm,248.92mm) has been removed. It will be automatically calculated.
        Warning : Junction at (304.8mm,236.22mm) has been removed. It will be automatically calculated.
        Warning : Junction at (294.64mm,236.22mm) has been removed. It will be automatically calculated.
        Warning : Junction at (284.48mm,236.22mm) has been removed. It will be automatically calculated.
        Warning : Junction at (294.64mm,248.92mm) has been removed. It will be automatically calculated.
        Warning : Junction at (276.86mm,139.7mm) has been removed. It will be automatically calculated.
        Warning : Junction at (276.86mm,111.76mm) has been removed. It will be automatically calculated.
        Warning : Junction at (279.4mm,109.22mm) has been removed. It will be automatically calculated.
        Warning : Junction at (279.4mm,83.82mm) has been removed. It will be automatically calculated.
        Warning : Junction at (322.58mm,109.22mm) has been removed. It will be automatically calculated.
        Warning : Junction at (342.9mm,116.84mm) has been removed. It will be automatically calculated.
        Warning : Junction at (342.9mm,111.76mm) has been removed. It will be automatically calculated.
        Warning : Junction at (350.52mm,71.12mm) has been removed. It will be automatically calculated.
        Warning : Junction at (71.12mm,50.8mm) has been removed. It will be automatically calculated.
        Warning : Junction at (45.72mm,50.8mm) has been removed. It will be automatically calculated.
        Warning : Junction at (231.14mm,264.16mm) has been removed. It will be automatically calculated.
        Warning : Junction at (231.14mm,261.62mm) has been removed. It will be automatically calculated.
        Warning : Junction at (231.14mm,256.54mm) has been removed. It will be automatically calculated.
        Warning : Junction at (231.14mm,259.08mm) has been removed. It will be automatically calculated.
        Warning : Junction at (231.14mm,248.92mm) has been removed. It will be automatically calculated.
        Warning : Junction at (231.14mm,246.38mm) has been removed. It will be automatically calculated.
        Warning : Junction at (231.14mm,243.84mm) has been removed. It will be automatically calculated.
        Warning : Junction at (231.14mm,231.14mm) has been removed. It will be automatically calculated.
        Warning : Junction at (231.14mm,228.6mm) has been removed. It will be automatically calculated.
        Warning : Junction at (231.14mm,223.52mm) has been removed. It will be automatically calculated.
        Warning : Junction at (231.14mm,213.36mm) has been removed. It will be automatically calculated.
        Warning : Junction at (231.14mm,233.68mm) has been removed. It will be automatically calculated.
        Warning : Junction at (231.14mm,218.44mm) has been removed. It will be automatically calculated.
        Warning : Junction at (231.14mm,220.98mm) has been removed. It will be automatically calculated.
        Warning : Junction at (152.4mm,215.9mm) has been removed. It will be automatically calculated.
        Warning : Junction at (160.02mm,228.6mm) has been removed. It will be automatically calculated.
        Warning : Junction at (165.1mm,203.2mm) has been removed. It will be automatically calculated.
        Warning : Junction at (231.14mm,215.9mm) has been removed. It will be automatically calculated.
        Warning : Junction at (231.14mm,251.46mm) has been removed. It will be automatically calculated.
    EndSection

    Section : Importing Sheet - 09 CARD-USB-WIFI.SchDoc
        Warning : Junction at (330.2mm,101.6mm) has been added.
        Warning : Junction at (355.6mm,119.38mm) has been removed. It will be automatically calculated.
        Warning : Junction at (355.6mm,114.3mm) has been removed. It will be automatically calculated.
        Warning : Junction at (355.6mm,116.84mm) has been removed. It will be automatically calculated.
        Warning : Junction at (355.6mm,111.76mm) has been removed. It will be automatically calculated.
        Warning : Junction at (322.58mm,190.5mm) has been removed. It will be automatically calculated.
        Warning : Junction at (266.7mm,190.5mm) has been removed. It will be automatically calculated.
        Warning : Junction at (353.06mm,172.72mm) has been removed. It will be automatically calculated.
        Warning : Junction at (266.7mm,170.18mm) has been removed. It will be automatically calculated.
        Warning : Junction at (218.44mm,185.42mm) has been removed. It will be automatically calculated.
        Warning : Junction at (353.06mm,177.8mm) has been removed. It will be automatically calculated.
        Warning : Junction at (353.06mm,170.18mm) has been removed. It will be automatically calculated.
        Warning : Junction at (195.58mm,190.5mm) has been removed. It will be automatically calculated.
        Warning : Junction at (213.36mm,190.5mm) has been removed. It will be automatically calculated.
        Warning : Junction at (353.06mm,175.26mm) has been removed. It will be automatically calculated.
        Warning : Junction at (353.06mm,157.48mm) has been removed. It will be automatically calculated.
        Warning : Junction at (340.36mm,157.48mm) has been removed. It will be automatically calculated.
        Warning : Junction at (330.2mm,157.48mm) has been removed. It will be automatically calculated.
        Warning : Junction at (353.06mm,149.86mm) has been removed. It will be automatically calculated.
        Warning : Junction at (340.36mm,185.42mm) has been removed. It will be automatically calculated.
        Warning : Junction at (330.2mm,187.96mm) has been removed. It will be automatically calculated.
        Warning : Junction at (259.08mm,190.5mm) has been removed. It will be automatically calculated.
        Warning : Junction at (266.7mm,111.76mm) has been removed. It will be automatically calculated.
        Warning : Junction at (259.08mm,132.08mm) has been removed. It will be automatically calculated.
        Warning : Junction at (322.58mm,132.08mm) has been removed. It will be automatically calculated.
        Warning : Junction at (266.7mm,132.08mm) has been removed. It will be automatically calculated.
        Warning : Junction at (248.92mm,132.08mm) has been removed. It will be automatically calculated.
        Warning : Junction at (218.44mm,127mm) has been removed. It will be automatically calculated.
        Warning : Junction at (195.58mm,132.08mm) has been removed. It will be automatically calculated.
        Warning : Junction at (215.9mm,132.08mm) has been removed. It will be automatically calculated.
        Warning : Junction at (208.28mm,66.04mm) has been removed. It will be automatically calculated.
        Warning : Junction at (198.12mm,66.04mm) has been removed. It will be automatically calculated.
        Warning : Junction at (198.12mm,50.8mm) has been removed. It will be automatically calculated.
        Warning : Junction at (231.14mm,50.8mm) has been removed. It will be automatically calculated.
        Warning : Junction at (208.28mm,50.8mm) has been removed. It will be automatically calculated.
        Warning : Junction at (335.28mm,60.96mm) has been removed. It will be automatically calculated.
        Warning : Junction at (355.6mm,60.96mm) has been removed. It will be automatically calculated.
        Warning : Junction at (241.3mm,218.44mm) has been removed. It will be automatically calculated.
        Warning : Junction at (231.14mm,218.44mm) has been removed. It will be automatically calculated.
        Warning : Junction at (236.22mm,218.44mm) has been removed. It will be automatically calculated.
        Warning : Junction at (246.38mm,218.44mm) has been removed. It will be automatically calculated.
        Warning : Junction at (231.14mm,251.46mm) has been removed. It will be automatically calculated.
        Warning : Junction at (220.98mm,218.44mm) has been removed. It will be automatically calculated.
        Warning : Junction at (226.06mm,218.44mm) has been removed. It will be automatically calculated.
        Warning : Junction at (220.98mm,261.62mm) has been removed. It will be automatically calculated.
        Warning : Junction at (210.82mm,261.62mm) has been removed. It will be automatically calculated.
        Warning : Junction at (241.3mm,259.08mm) has been removed. It will be automatically calculated.
        Warning : Junction at (226.06mm,259.08mm) has been removed. It will be automatically calculated.
        Warning : Junction at (236.22mm,246.38mm) has been removed. It will be automatically calculated.
        Warning : Junction at (241.3mm,243.84mm) has been removed. It will be automatically calculated.
        Warning : Junction at (261.62mm,236.22mm) has been removed. It will be automatically calculated.
        Warning : Junction at (215.9mm,264.16mm) has been removed. It will be automatically calculated.
        Warning : Junction at (218.44mm,284.48mm) has been removed. It will be automatically calculated.
        Warning : Junction at (167.64mm,40.64mm) has been removed. It will be automatically calculated.
        Warning : Junction at (152.4mm,17.78mm) has been removed. It will be automatically calculated.
        Warning : Junction at (254mm,190.5mm) has been removed. It will be automatically calculated.
        Warning : Junction at (289.56mm,185.42mm) has been removed. It will be automatically calculated.
        Warning : Junction at (289.56mm,187.96mm) has been removed. It will be automatically calculated.
        Warning : Junction at (320.04mm,187.96mm) has been removed. It will be automatically calculated.
        Warning : Junction at (320.04mm,185.42mm) has been removed. It will be automatically calculated.
        Warning : Junction at (287.02mm,129.54mm) has been removed. It will be automatically calculated.
        Warning : Junction at (287.02mm,127mm) has been removed. It will be automatically calculated.
        Warning : Junction at (317.5mm,127mm) has been removed. It will be automatically calculated.
        Warning : Junction at (317.5mm,129.54mm) has been removed. It will be automatically calculated.
        Warning : Junction at (330.2mm,129.54mm) has been removed. It will be automatically calculated.
        Warning : Junction at (340.36mm,127mm) has been removed. It will be automatically calculated.
        Warning : Junction at (355.6mm,127mm) has been removed. It will be automatically calculated.
        Warning : Junction at (152.4mm,25.4mm) has been removed. It will be automatically calculated.
        Warning : Junction at (142.24mm,40.64mm) has been removed. It will be automatically calculated.
        Warning : Junction at (119.38mm,40.64mm) has been removed. It will be automatically calculated.
    EndSection

    Section : Importing Sheet - 10 AV-SPDIF.SchDoc
        Warning : Junction at (236.22mm,274.32mm) has been removed. It will be automatically calculated.
        Warning : Junction at (236.22mm,261.62mm) has been removed. It will be automatically calculated.
        Warning : Junction at (289.56mm,259.08mm) has been removed. It will be automatically calculated.
        Warning : Junction at (289.56mm,274.32mm) has been removed. It will be automatically calculated.
        Warning : Junction at (292.1mm,236.22mm) has been removed. It will be automatically calculated.
        Warning : Junction at (322.58mm,238.76mm) has been removed. It will be automatically calculated.
        Warning : Junction at (241.3mm,241.3mm) has been removed. It will be automatically calculated.
        Warning : Junction at (289.56mm,210.82mm) has been removed. It will be automatically calculated.
        Warning : Junction at (289.56mm,205.74mm) has been removed. It will be automatically calculated.
        Warning : Junction at (236.22mm,210.82mm) has been removed. It will be automatically calculated.
        Warning : Junction at (236.22mm,223.52mm) has been removed. It will be automatically calculated.
        Warning : Junction at (241.3mm,58.42mm) has been removed. It will be automatically calculated.
        Warning : Junction at (274.32mm,58.42mm) has been removed. It will be automatically calculated.
        Warning : Junction at (284.48mm,60.96mm) has been removed. It will be automatically calculated.
        Warning : Junction at (134.62mm,233.68mm) has been removed. It will be automatically calculated.
        Warning : Junction at (220.98mm,154.94mm) has been removed. It will be automatically calculated.
        Warning : Junction at (175.26mm,154.94mm) has been removed. It will be automatically calculated.
        Warning : Junction at (205.74mm,129.54mm) has been removed. It will be automatically calculated.
        Warning : Junction at (294.64mm,154.94mm) has been removed. It will be automatically calculated.
        Warning : Junction at (294.64mm,149.86mm) has been removed. It will be automatically calculated.
        Warning : Junction at (190.5mm,154.94mm) has been removed. It will be automatically calculated.
    EndSection

    Section : Importing Sheet - 11 MISC.SchDoc
        Warning : Junction at (276.86mm,73.66mm) has been removed. It will be automatically calculated.
        Warning : Junction at (276.86mm,45.72mm) has been removed. It will be automatically calculated.
        Warning : Junction at (248.92mm,73.66mm) has been removed. It will be automatically calculated.
        Warning : Junction at (342.9mm,55.88mm) has been removed. It will be automatically calculated.
        Warning : Junction at (342.9mm,81.28mm) has been removed. It will be automatically calculated.
        Warning : Junction at (360.68mm,81.28mm) has been removed. It will be automatically calculated.
        Warning : Junction at (360.68mm,68.58mm) has been removed. It will be automatically calculated.
        Warning : Junction at (350.52mm,55.88mm) has been removed. It will be automatically calculated.
        Warning : Junction at (157.48mm,83.82mm) has been removed. It will be automatically calculated.
        Warning : Junction at (167.64mm,66.04mm) has been removed. It will be automatically calculated.
        Warning : Junction at (208.28mm,78.74mm) has been removed. It will be automatically calculated.
        Warning : Junction at (218.44mm,60.96mm) has been removed. It will be automatically calculated.
        Warning : Junction at (137.16mm,83.82mm) has been removed. It will be automatically calculated.
        Warning : Junction at (187.96mm,78.74mm) has been removed. It will be automatically calculated.
        Warning : Junction at (167.64mm,93.98mm) has been removed. It will be automatically calculated.
        Warning : Junction at (218.44mm,88.9mm) has been removed. It will be automatically calculated.
        Warning : Junction at (175.26mm,27.94mm) has been removed. It will be automatically calculated.
        Warning : Junction at (289.56mm,73.66mm) has been removed. It will be automatically calculated.
        Warning : Junction at (297.18mm,73.66mm) has been removed. It will be automatically calculated.
    EndSection

    Section : Importing Sheet - 12 FE-DBG.SchDoc
        Warning : Power Port of type GND EARTH at (289.56mm,190.5mm) was replaced with Arrow style port
        Warning : Power Port of type GND EARTH at (340.36mm,241.3mm) was replaced with Arrow style port
        Warning : Power Port of type GND EARTH at (360.68mm,185.42mm) was replaced with Arrow style port
        Warning : Power Port of type GND EARTH at (373.38mm,185.42mm) was replaced with Arrow style port
        Warning : Junction at (254mm,236.22mm) has been removed. It will be automatically calculated.
        Warning : Junction at (254mm,200.66mm) has been removed. It will be automatically calculated.
        Warning : Junction at (259.08mm,200.66mm) has been removed. It will be automatically calculated.
        Warning : Junction at (198.12mm,195.58mm) has been removed. It will be automatically calculated.
        Warning : Junction at (259.08mm,231.14mm) has been removed. It will be automatically calculated.
        Warning : Junction at (198.12mm,213.36mm) has been removed. It will be automatically calculated.
        Warning : Junction at (248.92mm,200.66mm) has been removed. It will be automatically calculated.
        Warning : Junction at (210.82mm,195.58mm) has been removed. It will be automatically calculated.
        Warning : Junction at (233.68mm,109.22mm) has been removed. It will be automatically calculated.
        Warning : Junction at (274.32mm,83.82mm) has been removed. It will be automatically calculated.
        Warning : Junction at (210.82mm,109.22mm) has been removed. It will be automatically calculated.
        Warning : Junction at (203.2mm,83.82mm) has been removed. It will be automatically calculated.
        Warning : Junction at (236.22mm,195.58mm) has been removed. It will be automatically calculated.
        Warning : Junction at (289.56mm,195.58mm) has been removed. It will be automatically calculated.
    EndSection

    Section : Importing Sheet - 13 HDMI.SchDoc
        Warning : Junction at (271.78mm,187.96mm) has been removed. It will be automatically calculated.
        Warning : Junction at (335.28mm,162.56mm) has been removed. It will be automatically calculated.
        Warning : Junction at (314.96mm,218.44mm) has been removed. It will be automatically calculated.
        Warning : Junction at (314.96mm,210.82mm) has been removed. It will be automatically calculated.
        Warning : Junction at (314.96mm,203.2mm) has been removed. It will be automatically calculated.
        Warning : Junction at (332.74mm,162.56mm) has been removed. It will be automatically calculated.
        Warning : Junction at (330.2mm,162.56mm) has been removed. It will be automatically calculated.
        Warning : Junction at (309.88mm,185.42mm) has been removed. It will be automatically calculated.
        Warning : Junction at (314.96mm,187.96mm) has been removed. It will be automatically calculated.
        Warning : Junction at (228.6mm,205.74mm) has been removed. It will be automatically calculated.
        Warning : Junction at (248.92mm,177.8mm) has been removed. It will be automatically calculated.
        Warning : Junction at (281.94mm,205.74mm) has been removed. It will be automatically calculated.
        Warning : Junction at (256.54mm,180.34mm) has been removed. It will be automatically calculated.
        Warning : Junction at (264.16mm,185.42mm) has been removed. It will be automatically calculated.
        Warning : Junction at (231.14mm,177.8mm) has been removed. It will be automatically calculated.
        Warning : Junction at (231.14mm,160.02mm) has been removed. It will be automatically calculated.
        Warning : Junction at (317.5mm,124.46mm) has been removed. It will be automatically calculated.
        Warning : Junction at (231.14mm,99.06mm) has been removed. It will be automatically calculated.
        Warning : Junction at (231.14mm,111.76mm) has been removed. It will be automatically calculated.
        Warning : Junction at (254mm,111.76mm) has been removed. It will be automatically calculated.
    EndSection
EndSection
