Removed Pin From Net: NetName=MICIN1P Pin=J1-17
Removed Pin From Net: NetName=MICIN1N Pin=J1-19
Removed Pin From Net: NetName=LINEOUTR Pin=J1-21
Removed Pin From Net: NetName=LINEOUTL Pin=J1-23
Removed Pin From Net: NetName=USB_DP1 Pin=J1-25
Removed Pin From Net: NetName=USB_DM1 Pin=J1-27
Removed Pin From Net: NetName=USB_DP2 Pin=J1-29
Removed Pin From Net: NetName=USB_DM2 Pin=J1-31
Removed Pin From Net: NetName=USB_DP3 Pin=J1-33
Removed Pin From Net: NetName=USB_DM3 Pin=J1-35
Removed Pin From Net: NetName=RPHY_RXP Pin=J1-37
Removed Pin From Net: NetName=RPHY_RXN Pin=J1-39
Removed Pin From Net: NetName=RPHY_TXP Pin=J1-41
Removed Pin From Net: NetName=RPHY_TXN Pin=J1-43
Removed Pin From Net: NetName=RPHY_LINK_LED Pin=J1-45
Removed Pin From Net: NetName=RPHY_SPD_LED Pin=J1-47
Added Pin To Net: NetName=USB_DP1 Pin=J1-17
Added Pin To Net: NetName=USB_DM1 Pin=J1-19
Added Pin To Net: NetName=USB_DP2 Pin=J1-21
Added Pin To Net: NetName=USB_DM2 Pin=J1-23
Added Pin To Net: NetName=USB_DP3 Pin=J1-25
Added Pin To Net: NetName=USB_DM3 Pin=J1-27
Added Pin To Net: NetName=RPHY_RXP Pin=J1-29
Added Pin To Net: NetName=RPHY_RXN Pin=J1-31
Added Pin To Net: NetName=RPHY_TXP Pin=J1-33
Added Pin To Net: NetName=RPHY_TXN Pin=J1-35
Added Pin To Net: NetName=RPHY_LINK_LED Pin=J1-37
Added Pin To Net: NetName=RPHY_SPD_LED Pin=J1-39
Added Pin To Net: NetName=MICIN1P Pin=J1-41
Added Pin To Net: NetName=MICIN1N Pin=J1-43
Added Pin To Net: NetName=LINEOUTR Pin=J1-45
Added Pin To Net: NetName=LINEOUTL Pin=J1-47
