Removed Pin From Net: NetName=RPHY_RXP Pin=J1-17
Removed Pin From Net: NetName=RPHY_RXN Pin=J1-19
Removed Pin From Net: NetName=RPHY_TXP Pin=J1-21
Removed Pin From Net: NetName=RPHY_TXN Pin=J1-23
Removed Pin From Net: NetName=RPHY_LINK_LED Pin=J1-25
Removed Pin From Net: NetName=RPHY_SPD_LED Pin=J1-27
Removed Pin From Net: NetName=USB_DP0 Pin=J1-29
Removed Pin From Net: NetName=USB_DM0 Pin=J1-31
Removed Pin From Net: NetName=GPIOG12/USB0_OTGID Pin=J1-33
Removed Pin From Net: NetName=UART2_TX Pin=J1-35
Removed Pin From Net: NetName=UART2_RX Pin=J1-37
Removed Pin From Net: NetName=UART2_RTS Pin=J1-39
Removed Pin From Net: NetName=UART2_CTS Pin=J1-41
Removed Pin From Net: NetName=GPIOA10/STATUS-LED Pin=J1-43
Removed Pin From Net: NetName=GPIOL4/RECOVERY Pin=J1-45
Removed Pin From Net: NetName=GPIOL3/K1 Pin=J1-47
Removed Pin From Net: NetName=GPIOL11/IR-RX Pin=J1-49
Removed Pin From Net: NetName=GPIOL10/PWR-LED Pin=J1-51
Added Pin To Net: NetName=GPIOA10/STATUS-LED Pin=J1-17
Added Pin To Net: NetName=RPHY_SPD_LED Pin=J1-19
Added Pin To Net: NetName=RPHY_RXP Pin=J1-21
Added Pin To Net: NetName=RPHY_RXN Pin=J1-23
Added Pin To Net: NetName=RPHY_TXP Pin=J1-25
Added Pin To Net: NetName=RPHY_TXN Pin=J1-27
Added Pin To Net: NetName=RPHY_LINK_LED Pin=J1-29
Added Pin To Net: NetName=UART2_CTS Pin=J1-31
Added Pin To Net: NetName=UART2_TX Pin=J1-33
Added Pin To Net: NetName=UART2_RX Pin=J1-35
Added Pin To Net: NetName=UART2_RTS Pin=J1-37
Added Pin To Net: NetName=USB_DP0 Pin=J1-39
Added Pin To Net: NetName=USB_DM0 Pin=J1-41
Added Pin To Net: NetName=GPIOL11/IR-RX Pin=J1-43
Added Pin To Net: NetName=GPIOL10/PWR-LED Pin=J1-45
Added Pin To Net: NetName=GPIOL4/RECOVERY Pin=J1-47
Added Pin To Net: NetName=GPIOL3/K1 Pin=J1-49
Added Pin To Net: NetName=GPIOG12/USB0_OTGID Pin=J1-51
