Removed Pin From Net: NetName=GPIOG11 Pin=J1-32
Removed Pin From Net: NetName=USB_DM3 Pin=J1-34
Removed Pin From Net: NetName=USB_DP3 Pin=J1-36
Removed Pin From Net: NetName=USB_DM2 Pin=J1-38
Removed Pin From Net: NetName=USB_DP2 Pin=J1-40
Removed Pin From Net: NetName=USB_DM1 Pin=J1-42
Removed Pin From Net: NetName=USB_DP1 Pin=J1-44
Removed Pin From Net: NetName=UART0_RX Pin=J1-46
Removed Pin From Net: NetName=UART0_TX Pin=J1-48
Removed Pin From Net: NetName=AP-RESET# Pin=J1-50
Removed Pin From Net: NetName=UBOOT Pin=J1-52
Added Pin To Net: NetName=USB_DM3 Pin=J1-32
Added Pin To Net: NetName=USB_DP3 Pin=J1-34
Added Pin To Net: NetName=USB_DM2 Pin=J1-36
Added Pin To Net: NetName=USB_DP2 Pin=J1-38
Added Pin To Net: NetName=USB_DM1 Pin=J1-40
Added Pin To Net: NetName=USB_DP1 Pin=J1-42
Added Pin To Net: NetName=UART0_RX Pin=J1-44
Added Pin To Net: NetName=UART0_TX Pin=J1-46
Added Pin To Net: NetName=AP-RESET# Pin=J1-48
Added Pin To Net: NetName=UBOOT Pin=J1-50
Added Pin To Net: NetName=GPIOG11 Pin=J1-52
