Removed Pin From Net: NetName=VDD_SYS_3.3V Pin=J1-8
Removed Pin From Net: NetName=USB_DP0 Pin=J1-9
Removed Pin From Net: NetName=USB_DM0 Pin=J1-11
Removed Pin From Net: NetName=GPIOG12/USB0_OTGID Pin=J1-13
Removed Pin From Net: NetName=TV_OUT Pin=J1-15
Removed Pin From Net: NetName=USB_DP1 Pin=J1-17
Removed Pin From Net: NetName=USB_DM1 Pin=J1-19
Removed Pin From Net: NetName=USB_DP2 Pin=J1-21
Removed Pin From Net: NetName=UART0_TX Pin=J1-22
Removed Pin From Net: NetName=USB_DM2 Pin=J1-23
Removed Pin From Net: NetName=UART0_RX Pin=J1-24
Removed Pin From Net: NetName=USB_DP3 Pin=J1-25
Removed Pin From Net: NetName=UART1_TX Pin=J1-26
Removed Pin From Net: NetName=USB_DM3 Pin=J1-27
Removed Pin From Net: NetName=UART1_RX Pin=J1-28
Removed Pin From Net: NetName=RPHY_RXP Pin=J1-29
Removed Pin From Net: NetName=UART1_RTS Pin=J1-30
Removed Pin From Net: NetName=RPHY_RXN Pin=J1-31
Removed Pin From Net: NetName=UART1_CTS Pin=J1-32
Removed Pin From Net: NetName=RPHY_TXP Pin=J1-33
Removed Pin From Net: NetName=UART2_TX Pin=J1-34
Removed Pin From Net: NetName=RPHY_TXN Pin=J1-35
Removed Pin From Net: NetName=UART2_RX Pin=J1-36
Removed Pin From Net: NetName=RPHY_LINK_LED Pin=J1-37
Removed Pin From Net: NetName=UART2_RTS Pin=J1-38
Removed Pin From Net: NetName=RPHY_SPD_LED Pin=J1-39
Removed Pin From Net: NetName=UART2_CTS Pin=J1-40
Removed Pin From Net: NetName=GPIOL11/IR-RX Pin=J1-42
Removed Pin From Net: NetName=GPIOG11 Pin=J1-44
Removed Pin From Net: NetName=UBOOT Pin=J1-46
Removed Pin From Net: NetName=GPIOL4/RECOVERY Pin=J1-48
Removed Pin From Net: NetName=GPIOA10/STATUS-LED Pin=J1-49
Removed Pin From Net: NetName=GPIOL3/K1 Pin=J1-50
Removed Pin From Net: NetName=AP-RESET# Pin=J1-52
Added Pin To Net: NetName=GND Pin=J1-8
Added Pin To Net: NetName=VDD_SYS_3.3V Pin=J1-9
Added Pin To Net: NetName=VDD_SYS_3.3V Pin=J1-11
Added Pin To Net: NetName=RPHY_RXP Pin=J1-17
Added Pin To Net: NetName=RPHY_RXN Pin=J1-19
Added Pin To Net: NetName=RPHY_TXP Pin=J1-21
Added Pin To Net: NetName=TV_OUT Pin=J1-22
Added Pin To Net: NetName=RPHY_TXN Pin=J1-23
Added Pin To Net: NetName=USB_DP1 Pin=J1-24
Added Pin To Net: NetName=RPHY_LINK_LED Pin=J1-25
Added Pin To Net: NetName=USB_DM1 Pin=J1-26
Added Pin To Net: NetName=RPHY_SPD_LED Pin=J1-27
Added Pin To Net: NetName=USB_DP2 Pin=J1-28
Added Pin To Net: NetName=USB_DP0 Pin=J1-29
Added Pin To Net: NetName=USB_DM2 Pin=J1-30
Added Pin To Net: NetName=USB_DM0 Pin=J1-31
Added Pin To Net: NetName=USB_DP3 Pin=J1-32
Added Pin To Net: NetName=GPIOG12/USB0_OTGID Pin=J1-33
Added Pin To Net: NetName=USB_DM3 Pin=J1-34
Added Pin To Net: NetName=UART2_TX Pin=J1-35
Added Pin To Net: NetName=GPIOG11 Pin=J1-36
Added Pin To Net: NetName=UART2_RX Pin=J1-37
Added Pin To Net: NetName=UART1_RTS Pin=J1-38
Added Pin To Net: NetName=UART2_RTS Pin=J1-39
Added Pin To Net: NetName=UART1_RX Pin=J1-40
Added Pin To Net: NetName=UART2_CTS Pin=J1-41
Added Pin To Net: NetName=UART1_CTS Pin=J1-42
Added Pin To Net: NetName=GPIOA10/STATUS-LED Pin=J1-43
Added Pin To Net: NetName=UART1_TX Pin=J1-44
Added Pin To Net: NetName=GPIOL4/RECOVERY Pin=J1-45
Added Pin To Net: NetName=UART0_TX Pin=J1-46
Added Pin To Net: NetName=GPIOL3/K1 Pin=J1-47
Added Pin To Net: NetName=UART0_RX Pin=J1-48
Added Pin To Net: NetName=GPIOL11/IR-RX Pin=J1-49
Added Pin To Net: NetName=AP-RESET# Pin=J1-50
Added Pin To Net: NetName=UBOOT Pin=J1-52
