Added Component: Designator=C1(CAP_0402)
Add component. Clean all parameters for all variants
Added Component: Designator=C2(CAP_0402)
Add component. Clean all parameters for all variants
Added Component: Designator=C3(CAP_0402)
Add component. Clean all parameters for all variants
Added Component: Designator=C4(CAP_0402)
Add component. Clean all parameters for all variants
Added Component: Designator=C5(CAP_0402)
Add component. Clean all parameters for all variants
Added Component: Designator=C6(CAP_0402)
Add component. Clean all parameters for all variants
Added Component: Designator=C7(CAP_0402)
Add component. Clean all parameters for all variants
Added Component: Designator=C8(CAP_0402)
Add component. Clean all parameters for all variants
Added Component: Designator=C9(CAP_0402)
Add component. Clean all parameters for all variants
Added Component: Designator=C10(CAP_0402)
Add component. Clean all parameters for all variants
Added Component: Designator=C11(CAP_0402)
Add component. Clean all parameters for all variants
Added Component: Designator=C12(CAP_0402)
Add component. Clean all parameters for all variants
Added Component: Designator=C13(CAP_0402)
Add component. Clean all parameters for all variants
Added Component: Designator=C14(CAP_0402)
Add component. Clean all parameters for all variants
Added Component: Designator=C15(CAP_0402)
Add component. Clean all parameters for all variants
Added Component: Designator=C16(CAP_0402)
Add component. Clean all parameters for all variants
Added Component: Designator=C17(CAP_0402)
Add component. Clean all parameters for all variants
Added Component: Designator=C18(CAP_0402)
Add component. Clean all parameters for all variants
Added Component: Designator=C19(CAP_0402)
Add component. Clean all parameters for all variants
Added Component: Designator=C20(CAP_0402)
Add component. Clean all parameters for all variants
Added Component: Designator=C21(CAP_0402)
Add component. Clean all parameters for all variants
Added Component: Designator=C22(CAP_0402)
Add component. Clean all parameters for all variants
Added Component: Designator=C23(CAP_0402)
Add component. Clean all parameters for all variants
Added Component: Designator=C24(CAP_0402)
Add component. Clean all parameters for all variants
Added Component: Designator=C25(CAP_0402)
Add component. Clean all parameters for all variants
Added Component: Designator=C26(CAP_0402)
Add component. Clean all parameters for all variants
Added Component: Designator=C27(CAP_0402)
Add component. Clean all parameters for all variants
Added Component: Designator=C28(CAP_0402)
Add component. Clean all parameters for all variants
Added Component: Designator=C29(CAP_0402)
Add component. Clean all parameters for all variants
Added Component: Designator=C30(CAP_0402)
Add component. Clean all parameters for all variants
Added Component: Designator=C31(CAP_0402)
Add component. Clean all parameters for all variants
Added Component: Designator=C32(CAP_0402)
Add component. Clean all parameters for all variants
Added Component: Designator=C33(CAP_0402)
Add component. Clean all parameters for all variants
Added Component: Designator=C34(CAP_0402)
Add component. Clean all parameters for all variants
Added Component: Designator=C35(CAP_0402)
Add component. Clean all parameters for all variants
Added Component: Designator=C36(CAP_0402)
Add component. Clean all parameters for all variants
Added Component: Designator=C37(CAP_0402)
Add component. Clean all parameters for all variants
Added Component: Designator=C38(CAP_0402)
Add component. Clean all parameters for all variants
Added Component: Designator=C39(CAP_0402)
Add component. Clean all parameters for all variants
Added Component: Designator=C40(CAP_0402)
Add component. Clean all parameters for all variants
Added Component: Designator=C41(CAP_0402)
Add component. Clean all parameters for all variants
Added Component: Designator=C42(CAP_0402)
Add component. Clean all parameters for all variants
Added Component: Designator=C43(CAP_0402)
Add component. Clean all parameters for all variants
Added Component: Designator=C44(CAP_0402)
Add component. Clean all parameters for all variants
Added Component: Designator=C45(CAP_0402)
Add component. Clean all parameters for all variants
Added Component: Designator=C46(CAP_0402)
Add component. Clean all parameters for all variants
Added Component: Designator=C47(CAP_0402)
Add component. Clean all parameters for all variants
Added Component: Designator=C48(CAP_0402)
Add component. Clean all parameters for all variants
Added Component: Designator=C49(CAP_0402)
Add component. Clean all parameters for all variants
Added Component: Designator=C50(CAP_0402)
Add component. Clean all parameters for all variants
Added Component: Designator=C51(CAP_0402)
Add component. Clean all parameters for all variants
Added Component: Designator=J1(mini PCI-E)
Add component. Clean all parameters for all variants
Added Component: Designator=J2(TF-018)
Add component. Clean all parameters for all variants
Added Component: Designator=L1(IND_2520)
Add component. Clean all parameters for all variants
Added Component: Designator=L2(IND_2520)
Add component. Clean all parameters for all variants
Added Component: Designator=L3(IND_2520)
Add component. Clean all parameters for all variants
Added Component: Designator=L4(IND_0402)
Add component. Clean all parameters for all variants
Added Component: Designator=L5(IND_2520)
Add component. Clean all parameters for all variants
Added Component: Designator=Q1(AO3415A)
Add component. Clean all parameters for all variants
Added Component: Designator=Q2(BCM856BS)
Add component. Clean all parameters for all variants
Added Component: Designator=R1(RES_0402)
Add component. Clean all parameters for all variants
Added Component: Designator=R2(RES_0402)
Add component. Clean all parameters for all variants
Added Component: Designator=R3(RES_0402)
Add component. Clean all parameters for all variants
Added Component: Designator=R4(RES_0402)
Add component. Clean all parameters for all variants
Added Component: Designator=R5(RES_0402)
Add component. Clean all parameters for all variants
Added Component: Designator=R6(RES_0402)
Add component. Clean all parameters for all variants
Added Component: Designator=R7(RES_0402)
Add component. Clean all parameters for all variants
Added Component: Designator=R8(RES_0402)
Add component. Clean all parameters for all variants
Added Component: Designator=R9(RES_0402)
Add component. Clean all parameters for all variants
Added Component: Designator=R10(RES_0402)
Add component. Clean all parameters for all variants
Added Component: Designator=R11(RES_0402)
Add component. Clean all parameters for all variants
Added Component: Designator=R12(RES_0402)
Add component. Clean all parameters for all variants
Added Component: Designator=R13(RES_0402)
Add component. Clean all parameters for all variants
Added Component: Designator=R14(RES_0402)
Add component. Clean all parameters for all variants
Added Component: Designator=R15(RES_0402)
Add component. Clean all parameters for all variants
Added Component: Designator=R16(RES_0402)
Add component. Clean all parameters for all variants
Added Component: Designator=R17(RES_0402)
Add component. Clean all parameters for all variants
Added Component: Designator=R18(RES_0402)
Add component. Clean all parameters for all variants
Added Component: Designator=R19(RES_0402)
Add component. Clean all parameters for all variants
Added Component: Designator=R20(RES_0402)
Add component. Clean all parameters for all variants
Added Component: Designator=R21(RES_0402)
Add component. Clean all parameters for all variants
Added Component: Designator=R22(RES_0402)
Add component. Clean all parameters for all variants
Added Component: Designator=R23(RES_0402)
Add component. Clean all parameters for all variants
Added Component: Designator=R24(RES_0402)
Add component. Clean all parameters for all variants
Added Component: Designator=R25(RES_0402)
Add component. Clean all parameters for all variants
Added Component: Designator=R26(RES_0402)
Add component. Clean all parameters for all variants
Added Component: Designator=R27(RES_0402)
Add component. Clean all parameters for all variants
Added Component: Designator=R28(RES_0402)
Add component. Clean all parameters for all variants
Added Component: Designator=R29(RES_0402)
Add component. Clean all parameters for all variants
Added Component: Designator=R30(RES_0402)
Add component. Clean all parameters for all variants
Added Component: Designator=R31(RES_0402)
Add component. Clean all parameters for all variants
Added Component: Designator=R32(RES_0402)
Add component. Clean all parameters for all variants
Added Component: Designator=R33(RES_0402)
Add component. Clean all parameters for all variants
Added Component: Designator=U1(ALLWINNER-H3)
Add component. Clean all parameters for all variants
Added Component: Designator=U2(K4B4G1646D-BCK0)
Add component. Clean all parameters for all variants
Added Component: Designator=U3(SY8088AAC)
Add component. Clean all parameters for all variants
Added Component: Designator=U4(RT8059)
Add component. Clean all parameters for all variants
Added Component: Designator=U5(RT8059)
Add component. Clean all parameters for all variants
Added Component: Designator=U6(MP2143DJ)
Add component. Clean all parameters for all variants
Added Component: Designator=U7(SY6280)
Add component. Clean all parameters for all variants
Added Component: Designator=X1(SMD3225)
Add component. Clean all parameters for all variants
Added Pin To Net: NetName=AGND Pin=C29-1
Added Pin To Net: NetName=AGND Pin=C30-1
Added Pin To Net: NetName=AGND Pin=C31-1
Added Pin To Net: NetName=AGND Pin=C32-1
Added Pin To Net: NetName=AGND Pin=C38-1
Added Pin To Net: NetName=AGND Pin=R7-2
Added Pin To Net: NetName=AGND Pin=R14-2
Added Pin To Net: NetName=AGND Pin=U1-U3
Added Net: Name=AGND
Added Pin To Net: NetName=AP-RESET# Pin=C37-2
Added Pin To Net: NetName=AP-RESET# Pin=J1-16
Added Pin To Net: NetName=AP-RESET# Pin=J1-16
Added Pin To Net: NetName=AP-RESET# Pin=R11-1
Added Pin To Net: NetName=AP-RESET# Pin=U1-V6
Added Net: Name=AP-RESET#
Added Pin To Net: NetName=GND Pin=C1-1
Added Pin To Net: NetName=GND Pin=C2-1
Added Pin To Net: NetName=GND Pin=C4-1
Added Pin To Net: NetName=GND Pin=C5-1
Added Pin To Net: NetName=GND Pin=C6-1
Added Pin To Net: NetName=GND Pin=C7-1
Added Pin To Net: NetName=GND Pin=C8-1
Added Pin To Net: NetName=GND Pin=C9-1
Added Pin To Net: NetName=GND Pin=C10-1
Added Pin To Net: NetName=GND Pin=C11-1
Added Pin To Net: NetName=GND Pin=C12-1
Added Pin To Net: NetName=GND Pin=C13-1
Added Pin To Net: NetName=GND Pin=C14-1
Added Pin To Net: NetName=GND Pin=C15-2
Added Pin To Net: NetName=GND Pin=C16-1
Added Pin To Net: NetName=GND Pin=C17-1
Added Pin To Net: NetName=GND Pin=C18-1
Added Pin To Net: NetName=GND Pin=C19-1
Added Pin To Net: NetName=GND Pin=C20-1
Added Pin To Net: NetName=GND Pin=C21-1
Added Pin To Net: NetName=GND Pin=C22-1
Added Pin To Net: NetName=GND Pin=C23-1
Added Pin To Net: NetName=GND Pin=C24-1
Added Pin To Net: NetName=GND Pin=C25-1
Added Pin To Net: NetName=GND Pin=C26-1
Added Pin To Net: NetName=GND Pin=C27-2
Added Pin To Net: NetName=GND Pin=C28-1
Added Pin To Net: NetName=GND Pin=C33-1
Added Pin To Net: NetName=GND Pin=C34-1
Added Pin To Net: NetName=GND Pin=C35-1
Added Pin To Net: NetName=GND Pin=C36-2
Added Pin To Net: NetName=GND Pin=C37-1
Added Pin To Net: NetName=GND Pin=C39-1
Added Pin To Net: NetName=GND Pin=C40-1
Added Pin To Net: NetName=GND Pin=C41-1
Added Pin To Net: NetName=GND Pin=C42-1
Added Pin To Net: NetName=GND Pin=C43-1
Added Pin To Net: NetName=GND Pin=C44-1
Added Pin To Net: NetName=GND Pin=C45-1
Added Pin To Net: NetName=GND Pin=C46-1
Added Pin To Net: NetName=GND Pin=C47-1
Added Pin To Net: NetName=GND Pin=C49-1
Added Pin To Net: NetName=GND Pin=C50-1
Added Pin To Net: NetName=GND Pin=C51-1
Added Pin To Net: NetName=GND Pin=J1-2
Added Pin To Net: NetName=GND Pin=J1-4
Added Pin To Net: NetName=GND Pin=J1-6
Added Pin To Net: NetName=GND Pin=J2-6
Added Pin To Net: NetName=GND Pin=J2-10
Added Pin To Net: NetName=GND Pin=J2-10
Added Pin To Net: NetName=GND Pin=J2-10
Added Pin To Net: NetName=GND Pin=J2-10
Added Pin To Net: NetName=GND Pin=R1-1
Added Pin To Net: NetName=GND Pin=R3-1
Added Pin To Net: NetName=GND Pin=R5-1
Added Pin To Net: NetName=GND Pin=R6-1
Added Pin To Net: NetName=GND Pin=R8-1
Added Pin To Net: NetName=GND Pin=R14-1
Added Pin To Net: NetName=GND Pin=R16-2
Added Pin To Net: NetName=GND Pin=R20-2
Added Pin To Net: NetName=GND Pin=R23-2
Added Pin To Net: NetName=GND Pin=R25-1
Added Pin To Net: NetName=GND Pin=R26-1
Added Pin To Net: NetName=GND Pin=R27-2
Added Pin To Net: NetName=GND Pin=R28-1
Added Pin To Net: NetName=GND Pin=R29-1
Added Pin To Net: NetName=GND Pin=U1-A10
Added Pin To Net: NetName=GND Pin=U1-A11
Added Pin To Net: NetName=GND Pin=U1-A20
Added Pin To Net: NetName=GND Pin=U1-A21
Added Pin To Net: NetName=GND Pin=U1-AA1
Added Pin To Net: NetName=GND Pin=U1-B10
Added Pin To Net: NetName=GND Pin=U1-B11
Added Pin To Net: NetName=GND Pin=U1-B12
Added Pin To Net: NetName=GND Pin=U1-B20
Added Pin To Net: NetName=GND Pin=U1-B21
Added Pin To Net: NetName=GND Pin=U1-C5
Added Pin To Net: NetName=GND Pin=U1-C6
Added Pin To Net: NetName=GND Pin=U1-C7
Added Pin To Net: NetName=GND Pin=U1-C8
Added Pin To Net: NetName=GND Pin=U1-C9
Added Pin To Net: NetName=GND Pin=U1-C10
Added Pin To Net: NetName=GND Pin=U1-C11
Added Pin To Net: NetName=GND Pin=U1-C12
Added Pin To Net: NetName=GND Pin=U1-C21
Added Pin To Net: NetName=GND Pin=U1-D10
Added Pin To Net: NetName=GND Pin=U1-E8
Added Pin To Net: NetName=GND Pin=U1-E10
Added Pin To Net: NetName=GND Pin=U1-E18
Added Pin To Net: NetName=GND Pin=U1-E19
Added Pin To Net: NetName=GND Pin=U1-E20
Added Pin To Net: NetName=GND Pin=U1-F19
Added Pin To Net: NetName=GND Pin=U1-F20
Added Pin To Net: NetName=GND Pin=U1-F21
Added Pin To Net: NetName=GND Pin=U1-G8
Added Pin To Net: NetName=GND Pin=U1-H8
Added Pin To Net: NetName=GND Pin=U1-H12
Added Pin To Net: NetName=GND Pin=U1-H15
Added Pin To Net: NetName=GND Pin=U1-H17
Added Pin To Net: NetName=GND Pin=U1-H18
Added Pin To Net: NetName=GND Pin=U1-H19
Added Pin To Net: NetName=GND Pin=U1-J9
Added Pin To Net: NetName=GND Pin=U1-J13
Added Pin To Net: NetName=GND Pin=U1-J16
Added Pin To Net: NetName=GND Pin=U1-K7
Added Pin To Net: NetName=GND Pin=U1-K8
Added Pin To Net: NetName=GND Pin=U1-K9
Added Pin To Net: NetName=GND Pin=U1-K13
Added Pin To Net: NetName=GND Pin=U1-K14
Added Pin To Net: NetName=GND Pin=U1-K15
Added Pin To Net: NetName=GND Pin=U1-K16
Added Pin To Net: NetName=GND Pin=U1-K17
Added Pin To Net: NetName=GND Pin=U1-K18
Added Pin To Net: NetName=GND Pin=U1-L8
Added Pin To Net: NetName=GND Pin=U1-L9
Added Pin To Net: NetName=GND Pin=U1-L15
Added Pin To Net: NetName=GND Pin=U1-L17
Added Pin To Net: NetName=GND Pin=U1-L18
Added Pin To Net: NetName=GND Pin=U1-L19
Added Pin To Net: NetName=GND Pin=U1-M5
Added Pin To Net: NetName=GND Pin=U1-M7
Added Pin To Net: NetName=GND Pin=U1-M8
Added Pin To Net: NetName=GND Pin=U1-M9
Added Pin To Net: NetName=GND Pin=U1-M10
Added Pin To Net: NetName=GND Pin=U1-M11
Added Pin To Net: NetName=GND Pin=U1-M12
Added Pin To Net: NetName=GND Pin=U1-M13
Added Pin To Net: NetName=GND Pin=U1-M14
Added Pin To Net: NetName=GND Pin=U1-M15
Added Pin To Net: NetName=GND Pin=U1-N7
Added Pin To Net: NetName=GND Pin=U1-N9
Added Pin To Net: NetName=GND Pin=U1-N10
Added Pin To Net: NetName=GND Pin=U1-N11
Added Pin To Net: NetName=GND Pin=U1-N12
Added Pin To Net: NetName=GND Pin=U1-N13
Added Pin To Net: NetName=GND Pin=U1-N14
Added Pin To Net: NetName=GND Pin=U1-N15
Added Pin To Net: NetName=GND Pin=U1-P10
Added Pin To Net: NetName=GND Pin=U1-P11
Added Pin To Net: NetName=GND Pin=U1-P12
Added Pin To Net: NetName=GND Pin=U1-P13
Added Pin To Net: NetName=GND Pin=U1-P14
Added Pin To Net: NetName=GND Pin=U1-P15
Added Pin To Net: NetName=GND Pin=U1-R9
Added Pin To Net: NetName=GND Pin=U1-R10
Added Pin To Net: NetName=GND Pin=U1-R11
Added Pin To Net: NetName=GND Pin=U1-R12
Added Pin To Net: NetName=GND Pin=U1-R13
Added Pin To Net: NetName=GND Pin=U1-R14
Added Pin To Net: NetName=GND Pin=U1-T9
Added Pin To Net: NetName=GND Pin=U1-T11
Added Pin To Net: NetName=GND Pin=U2-A9
Added Pin To Net: NetName=GND Pin=U2-B1
Added Pin To Net: NetName=GND Pin=U2-B3
Added Pin To Net: NetName=GND Pin=U2-B9
Added Pin To Net: NetName=GND Pin=U2-D1
Added Pin To Net: NetName=GND Pin=U2-D8
Added Pin To Net: NetName=GND Pin=U2-E1
Added Pin To Net: NetName=GND Pin=U2-E2
Added Pin To Net: NetName=GND Pin=U2-E8
Added Pin To Net: NetName=GND Pin=U2-F9
Added Pin To Net: NetName=GND Pin=U2-G1
Added Pin To Net: NetName=GND Pin=U2-G8
Added Pin To Net: NetName=GND Pin=U2-G9
Added Pin To Net: NetName=GND Pin=U2-J2
Added Pin To Net: NetName=GND Pin=U2-J8
Added Pin To Net: NetName=GND Pin=U2-M1
Added Pin To Net: NetName=GND Pin=U2-M9
Added Pin To Net: NetName=GND Pin=U2-P1
Added Pin To Net: NetName=GND Pin=U2-P9
Added Pin To Net: NetName=GND Pin=U2-T1
Added Pin To Net: NetName=GND Pin=U2-T9
Added Pin To Net: NetName=GND Pin=U3-2
Added Pin To Net: NetName=GND Pin=U4-2
Added Pin To Net: NetName=GND Pin=U5-2
Added Pin To Net: NetName=GND Pin=U6-4
Added Pin To Net: NetName=GND Pin=U6-6
Added Pin To Net: NetName=GND Pin=U7-2
Added Pin To Net: NetName=GND Pin=X1-1
Added Pin To Net: NetName=GND Pin=X1-3
Added Net: Name=GND
Added Pin To Net: NetName=GPIOA10/STATUS-LED Pin=J1-49
Added Pin To Net: NetName=GPIOA10/STATUS-LED Pin=U1-E11
Added Net: Name=GPIOA10/STATUS-LED
Added Pin To Net: NetName=GPIOG11 Pin=J1-52
Added Pin To Net: NetName=GPIOG11 Pin=U1-D2
Added Net: Name=GPIOG11
Added Pin To Net: NetName=GPIOG12/USB0_OTGID Pin=J1-21
Added Pin To Net: NetName=GPIOG12/USB0_OTGID Pin=U1-D1
Added Net: Name=GPIOG12/USB0_OTGID
Added Pin To Net: NetName=GPIOL2/USB0_DRVVBUS Pin=R29-2
Added Pin To Net: NetName=GPIOL2/USB0_DRVVBUS Pin=U1-P2
Added Pin To Net: NetName=GPIOL2/USB0_DRVVBUS Pin=U7-4
Added Net: Name=GPIOL2/USB0_DRVVBUS
Added Pin To Net: NetName=GPIOL3/K1 Pin=J1-14
Added Pin To Net: NetName=GPIOL3/K1 Pin=U1-R1
Added Net: Name=GPIOL3/K1
Added Pin To Net: NetName=GPIOL4/RECOVERY Pin=J1-12
Added Pin To Net: NetName=GPIOL4/RECOVERY Pin=R13-1
Added Pin To Net: NetName=GPIOL4/RECOVERY Pin=U1-N2
Added Net: Name=GPIOL4/RECOVERY
Added Pin To Net: NetName=GPIOL6/CPUX-VSET Pin=U1-T4
Added Net: Name=GPIOL6/CPUX-VSET
Added Pin To Net: NetName=GPIOL8/PWR_STB Pin=R17-2
Added Pin To Net: NetName=GPIOL8/PWR_STB Pin=U1-T2
Added Pin To Net: NetName=GPIOL8/PWR_STB Pin=U3-1
Added Pin To Net: NetName=GPIOL8/PWR_STB Pin=U6-8
Added Net: Name=GPIOL8/PWR_STB
Added Pin To Net: NetName=GPIOL9/PWR_DDRAM Pin=R21-2
Added Pin To Net: NetName=GPIOL9/PWR_DDRAM Pin=U1-M6
Added Pin To Net: NetName=GPIOL9/PWR_DDRAM Pin=U4-1
Added Net: Name=GPIOL9/PWR_DDRAM
Added Pin To Net: NetName=GPIOL10/PWR-LED Pin=J1-51
Added Pin To Net: NetName=GPIOL10/PWR-LED Pin=U1-V2
Added Net: Name=GPIOL10/PWR-LED
Added Pin To Net: NetName=GPIOL11/IR-RX Pin=J1-50
Added Pin To Net: NetName=GPIOL11/IR-RX Pin=U1-U2
Added Net: Name=GPIOL11/IR-RX
Added Pin To Net: NetName=I2C0_SCL Pin=J1-28
Added Pin To Net: NetName=I2C0_SCL Pin=U1-F11
Added Net: Name=I2C0_SCL
Added Pin To Net: NetName=I2C0_SDA Pin=J1-26
Added Pin To Net: NetName=I2C0_SDA Pin=U1-C13
Added Net: Name=I2C0_SDA
Added Pin To Net: NetName=I2C1_SCL Pin=U1-B13
Added Net: Name=I2C1_SCL
Added Pin To Net: NetName=I2C1_SDA Pin=U1-B14
Added Net: Name=I2C1_SDA
Added Pin To Net: NetName=LINEINL Pin=U1-V1
Added Net: Name=LINEINL
Added Pin To Net: NetName=LINEINR Pin=U1-W1
Added Net: Name=LINEINR
Added Pin To Net: NetName=LINEOUTL Pin=J1-15
Added Pin To Net: NetName=LINEOUTL Pin=U1-AA3
Added Net: Name=LINEOUTL
Added Pin To Net: NetName=LINEOUTR Pin=J1-13
Added Pin To Net: NetName=LINEOUTR Pin=U1-Y3
Added Net: Name=LINEOUTR
Added Pin To Net: NetName=MBIAS Pin=U1-W3
Added Net: Name=MBIAS
Added Pin To Net: NetName=MICIN1N Pin=J1-11
Added Pin To Net: NetName=MICIN1N Pin=U1-Y1
Added Net: Name=MICIN1N
Added Pin To Net: NetName=MICIN1P Pin=J1-9
Added Pin To Net: NetName=MICIN1P Pin=U1-W2
Added Net: Name=MICIN1P
Added Pin To Net: NetName=NetC27_1 Pin=C27-1
Added Pin To Net: NetName=NetC27_1 Pin=U1-H11
Added Net: Name=NetC27_1
Added Pin To Net: NetName=NetC29_2 Pin=C29-2
Added Pin To Net: NetName=NetC29_2 Pin=U1-Y4
Added Net: Name=NetC29_2
Added Pin To Net: NetName=NetC30_2 Pin=C30-2
Added Pin To Net: NetName=NetC30_2 Pin=R7-1
Added Pin To Net: NetName=NetC30_2 Pin=U1-W5
Added Net: Name=NetC30_2
Added Pin To Net: NetName=NetC31_2 Pin=C31-2
Added Pin To Net: NetName=NetC31_2 Pin=C32-2
Added Pin To Net: NetName=NetC31_2 Pin=U1-V4
Added Net: Name=NetC31_2
Added Pin To Net: NetName=NetC48_1 Pin=C48-1
Added Pin To Net: NetName=NetC48_1 Pin=R15-1
Added Pin To Net: NetName=NetC48_1 Pin=R25-2
Added Pin To Net: NetName=NetC48_1 Pin=U6-7
Added Net: Name=NetC48_1
Added Pin To Net: NetName=NetJ2_5 Pin=J2-5
Added Pin To Net: NetName=NetJ2_5 Pin=R33-2
Added Net: Name=NetJ2_5
Added Pin To Net: NetName=NetL1_1 Pin=L1-1
Added Pin To Net: NetName=NetL1_1 Pin=U3-3
Added Net: Name=NetL1_1
Added Pin To Net: NetName=NetL2_1 Pin=L2-1
Added Pin To Net: NetName=NetL2_1 Pin=U4-3
Added Net: Name=NetL2_1
Added Pin To Net: NetName=NetL3_1 Pin=L3-1
Added Pin To Net: NetName=NetL3_1 Pin=U5-3
Added Net: Name=NetL3_1
Added Pin To Net: NetName=NetL5_1 Pin=L5-1
Added Pin To Net: NetName=NetL5_1 Pin=U6-3
Added Net: Name=NetL5_1
Added Pin To Net: NetName=NetQ1_1 Pin=Q1-1
Added Pin To Net: NetName=NetQ1_1 Pin=Q2-3
Added Pin To Net: NetName=NetQ1_1 Pin=R27-1
Added Net: Name=NetQ1_1
Added Pin To Net: NetName=NetQ2_2 Pin=Q2-2
Added Pin To Net: NetName=NetQ2_2 Pin=Q2-5
Added Pin To Net: NetName=NetQ2_2 Pin=Q2-6
Added Pin To Net: NetName=NetQ2_2 Pin=R26-2
Added Net: Name=NetQ2_2
Added Pin To Net: NetName=NetR1_2 Pin=R1-2
Added Pin To Net: NetName=NetR1_2 Pin=U2-L8
Added Net: Name=NetR1_2
Added Pin To Net: NetName=NetR5_2 Pin=R5-2
Added Pin To Net: NetName=NetR5_2 Pin=U2-L9
Added Net: Name=NetR5_2
Added Pin To Net: NetName=NetR6_2 Pin=R6-2
Added Pin To Net: NetName=NetR6_2 Pin=U1-V10
Added Net: Name=NetR6_2
Added Pin To Net: NetName=NetR8_2 Pin=R8-2
Added Pin To Net: NetName=NetR8_2 Pin=U1-F6
Added Net: Name=NetR8_2
Added Pin To Net: NetName=NetR9_1 Pin=R9-1
Added Pin To Net: NetName=NetR9_1 Pin=U1-AA6
Added Net: Name=NetR9_1
Added Pin To Net: NetName=NetR10_1 Pin=R10-1
Added Pin To Net: NetName=NetR10_1 Pin=U1-AA5
Added Net: Name=NetR10_1
Added Pin To Net: NetName=NetR16_1 Pin=R16-1
Added Pin To Net: NetName=NetR16_1 Pin=R18-1
Added Pin To Net: NetName=NetR16_1 Pin=U3-5
Added Net: Name=NetR16_1
Added Pin To Net: NetName=NetR20_1 Pin=R20-1
Added Pin To Net: NetName=NetR20_1 Pin=R22-1
Added Pin To Net: NetName=NetR20_1 Pin=U4-5
Added Net: Name=NetR20_1
Added Pin To Net: NetName=NetR23_1 Pin=R23-1
Added Pin To Net: NetName=NetR23_1 Pin=R24-1
Added Pin To Net: NetName=NetR23_1 Pin=U5-5
Added Net: Name=NetR23_1
Added Pin To Net: NetName=NetR28_2 Pin=R28-2
Added Pin To Net: NetName=NetR28_2 Pin=U7-3
Added Net: Name=NetR28_2
Added Pin To Net: NetName=RPHY_LINK_LED Pin=C33-2
Added Pin To Net: NetName=RPHY_LINK_LED Pin=J1-43
Added Pin To Net: NetName=RPHY_LINK_LED Pin=U1-A2
Added Net: Name=RPHY_LINK_LED
Added Pin To Net: NetName=RPHY_RXN Pin=J1-37
Added Pin To Net: NetName=RPHY_RXN Pin=U1-A4
Added Net: Name=RPHY_RXN
Added Pin To Net: NetName=RPHY_RXP Pin=J1-35
Added Pin To Net: NetName=RPHY_RXP Pin=U1-B4
Added Net: Name=RPHY_RXP
Added Pin To Net: NetName=RPHY_SPD_LED Pin=C34-2
Added Pin To Net: NetName=RPHY_SPD_LED Pin=J1-45
Added Pin To Net: NetName=RPHY_SPD_LED Pin=U1-F7
Added Net: Name=RPHY_SPD_LED
Added Pin To Net: NetName=RPHY_TXN Pin=J1-41
Added Pin To Net: NetName=RPHY_TXN Pin=U1-A3
Added Net: Name=RPHY_TXN
Added Pin To Net: NetName=RPHY_TXP Pin=J1-39
Added Pin To Net: NetName=RPHY_TXP Pin=U1-B3
Added Net: Name=RPHY_TXP
Added Pin To Net: NetName=SA0 Pin=U1-T17
Added Pin To Net: NetName=SA0 Pin=U2-N3
Added Net: Name=SA0
Added Pin To Net: NetName=SA1 Pin=U1-U18
Added Pin To Net: NetName=SA1 Pin=U2-P7
Added Net: Name=SA1
Added Pin To Net: NetName=SA2 Pin=U1-V19
Added Pin To Net: NetName=SA2 Pin=U2-P3
Added Net: Name=SA2
Added Pin To Net: NetName=SA3 Pin=U1-V20
Added Pin To Net: NetName=SA3 Pin=U2-N2
Added Net: Name=SA3
Added Pin To Net: NetName=SA4 Pin=U1-V21
Added Pin To Net: NetName=SA4 Pin=U2-P8
Added Net: Name=SA4
Added Pin To Net: NetName=SA5 Pin=U1-Y19
Added Pin To Net: NetName=SA5 Pin=U2-P2
Added Net: Name=SA5
Added Pin To Net: NetName=SA6 Pin=U1-Y20
Added Pin To Net: NetName=SA6 Pin=U2-R8
Added Net: Name=SA6
Added Pin To Net: NetName=SA7 Pin=U1-V15
Added Pin To Net: NetName=SA7 Pin=U2-R2
Added Net: Name=SA7
Added Pin To Net: NetName=SA8 Pin=U1-W18
Added Pin To Net: NetName=SA8 Pin=U2-T8
Added Net: Name=SA8
Added Pin To Net: NetName=SA9 Pin=U1-Y18
Added Pin To Net: NetName=SA9 Pin=U2-R3
Added Net: Name=SA9
Added Pin To Net: NetName=SA10 Pin=U1-P19
Added Pin To Net: NetName=SA10 Pin=U2-L7
Added Net: Name=SA10
Added Pin To Net: NetName=SA11 Pin=U1-N19
Added Pin To Net: NetName=SA11 Pin=U2-R7
Added Net: Name=SA11
Added Pin To Net: NetName=SA12 Pin=U1-R18
Added Pin To Net: NetName=SA12 Pin=U2-N7
Added Net: Name=SA12
Added Pin To Net: NetName=SA13 Pin=U1-V12
Added Pin To Net: NetName=SA13 Pin=U2-T3
Added Net: Name=SA13
Added Pin To Net: NetName=SA14 Pin=U1-N17
Added Pin To Net: NetName=SA14 Pin=U2-T7
Added Net: Name=SA14
Added Pin To Net: NetName=SA15 Pin=U1-R17
Added Pin To Net: NetName=SA15 Pin=U2-M7
Added Net: Name=SA15
Added Pin To Net: NetName=SBA0 Pin=U1-W17
Added Pin To Net: NetName=SBA0 Pin=U2-M2
Added Net: Name=SBA0
Added Pin To Net: NetName=SBA1 Pin=U1-T18
Added Pin To Net: NetName=SBA1 Pin=U2-N8
Added Net: Name=SBA1
Added Pin To Net: NetName=SBA2 Pin=U1-V17
Added Pin To Net: NetName=SBA2 Pin=U2-M3
Added Net: Name=SBA2
Added Pin To Net: NetName=SCAS Pin=U1-U15
Added Pin To Net: NetName=SCAS Pin=U2-K3
Added Net: Name=SCAS
Added Pin To Net: NetName=SCK_N Pin=R4-1
Added Pin To Net: NetName=SCK_N Pin=U1-AA20
Added Pin To Net: NetName=SCK_N Pin=U2-K7
Added Net: Name=SCK_N
Added Pin To Net: NetName=SCK_P Pin=R4-2
Added Pin To Net: NetName=SCK_P Pin=U1-AA19
Added Pin To Net: NetName=SCK_P Pin=U2-J7
Added Net: Name=SCK_P
Added Pin To Net: NetName=SCKE0 Pin=U1-AA21
Added Pin To Net: NetName=SCKE0 Pin=U2-K9
Added Net: Name=SCKE0
Added Pin To Net: NetName=SCKE1 Pin=U1-Y21
Added Pin To Net: NetName=SCKE1 Pin=U2-J9
Added Net: Name=SCKE1
Added Pin To Net: NetName=SCS0 Pin=U1-W20
Added Pin To Net: NetName=SCS0 Pin=U2-L2
Added Net: Name=SCS0
Added Pin To Net: NetName=SCS1 Pin=U1-W21
Added Pin To Net: NetName=SCS1 Pin=U2-L1
Added Net: Name=SCS1
Added Pin To Net: NetName=SDC0_CLK Pin=R33-1
Added Pin To Net: NetName=SDC0_CLK Pin=U1-D20
Added Net: Name=SDC0_CLK
Added Pin To Net: NetName=SDC0_CMD Pin=J2-3
Added Pin To Net: NetName=SDC0_CMD Pin=R31-1
Added Pin To Net: NetName=SDC0_CMD Pin=U1-F18
Added Net: Name=SDC0_CMD
Added Pin To Net: NetName=SDC0_D0 Pin=J2-7
Added Pin To Net: NetName=SDC0_D0 Pin=U1-A19
Added Net: Name=SDC0_D0
Added Pin To Net: NetName=SDC0_D1 Pin=J2-8
Added Pin To Net: NetName=SDC0_D1 Pin=U1-D19
Added Net: Name=SDC0_D1
Added Pin To Net: NetName=SDC0_D2 Pin=J2-1
Added Pin To Net: NetName=SDC0_D2 Pin=U1-C20
Added Net: Name=SDC0_D2
Added Pin To Net: NetName=SDC0_D3 Pin=J2-2
Added Pin To Net: NetName=SDC0_D3 Pin=U1-E21
Added Net: Name=SDC0_D3
Added Pin To Net: NetName=SDC0_DET Pin=J2-9
Added Pin To Net: NetName=SDC0_DET Pin=R32-1
Added Pin To Net: NetName=SDC0_DET Pin=U1-G18
Added Net: Name=SDC0_DET
Added Pin To Net: NetName=SDQ0 Pin=U1-N20
Added Pin To Net: NetName=SDQ0 Pin=U2-F8
Added Net: Name=SDQ0
Added Pin To Net: NetName=SDQ1 Pin=U1-P21
Added Pin To Net: NetName=SDQ1 Pin=U2-F2
Added Net: Name=SDQ1
Added Pin To Net: NetName=SDQ2 Pin=U1-P20
Added Pin To Net: NetName=SDQ2 Pin=U2-F7
Added Net: Name=SDQ2
Added Pin To Net: NetName=SDQ3 Pin=U1-U21
Added Pin To Net: NetName=SDQ3 Pin=U2-G2
Added Net: Name=SDQ3
Added Pin To Net: NetName=SDQ4 Pin=U1-R19
Added Pin To Net: NetName=SDQ4 Pin=U2-E3
Added Net: Name=SDQ4
Added Pin To Net: NetName=SDQ5 Pin=U1-T20
Added Pin To Net: NetName=SDQ5 Pin=U2-H7
Added Net: Name=SDQ5
Added Pin To Net: NetName=SDQ6 Pin=U1-U19
Added Pin To Net: NetName=SDQ6 Pin=U2-H8
Added Net: Name=SDQ6
Added Pin To Net: NetName=SDQ7 Pin=U1-U20
Added Pin To Net: NetName=SDQ7 Pin=U2-H3
Added Net: Name=SDQ7
Added Pin To Net: NetName=SDQ8 Pin=U1-J19
Added Pin To Net: NetName=SDQ8 Pin=U2-A7
Added Net: Name=SDQ8
Added Pin To Net: NetName=SDQ9 Pin=U1-H20
Added Pin To Net: NetName=SDQ9 Pin=U2-A3
Added Net: Name=SDQ9
Added Pin To Net: NetName=SDQ10 Pin=U1-H21
Added Pin To Net: NetName=SDQ10 Pin=U2-C8
Added Net: Name=SDQ10
Added Pin To Net: NetName=SDQ11 Pin=U1-J21
Added Pin To Net: NetName=SDQ11 Pin=U2-C2
Added Net: Name=SDQ11
Added Pin To Net: NetName=SDQ12 Pin=U1-L20
Added Pin To Net: NetName=SDQ12 Pin=U2-A2
Added Net: Name=SDQ12
Added Pin To Net: NetName=SDQ13 Pin=U1-L21
Added Pin To Net: NetName=SDQ13 Pin=U2-D7
Added Net: Name=SDQ13
Added Pin To Net: NetName=SDQ14 Pin=U1-M21
Added Pin To Net: NetName=SDQ14 Pin=U2-C3
Added Net: Name=SDQ14
Added Pin To Net: NetName=SDQ15 Pin=U1-M19
Added Pin To Net: NetName=SDQ15 Pin=U2-B8
Added Net: Name=SDQ15
Added Pin To Net: NetName=SDQM0 Pin=U1-M20
Added Pin To Net: NetName=SDQM0 Pin=U2-E7
Added Net: Name=SDQM0
Added Pin To Net: NetName=SDQM1 Pin=U1-G20
Added Pin To Net: NetName=SDQM1 Pin=U2-D3
Added Net: Name=SDQM1
Added Pin To Net: NetName=SDQS0_N Pin=U1-R21
Added Pin To Net: NetName=SDQS0_N Pin=U2-G3
Added Net: Name=SDQS0_N
Added Pin To Net: NetName=SDQS0_P Pin=U1-R20
Added Pin To Net: NetName=SDQS0_P Pin=U2-F3
Added Net: Name=SDQS0_P
Added Pin To Net: NetName=SDQS1_N Pin=U1-J20
Added Pin To Net: NetName=SDQS1_N Pin=U2-B7
Added Net: Name=SDQS1_N
Added Pin To Net: NetName=SDQS1_P Pin=U1-K20
Added Pin To Net: NetName=SDQS1_P Pin=U2-C7
Added Net: Name=SDQS1_P
Added Pin To Net: NetName=SODT0 Pin=U1-W11
Added Pin To Net: NetName=SODT0 Pin=U2-K1
Added Net: Name=SODT0
Added Pin To Net: NetName=SODT1 Pin=U1-V11
Added Pin To Net: NetName=SODT1 Pin=U2-J1
Added Net: Name=SODT1
Added Pin To Net: NetName=SPI0_CLK Pin=J1-20
Added Pin To Net: NetName=SPI0_CLK Pin=U1-B16
Added Net: Name=SPI0_CLK
Added Pin To Net: NetName=SPI0_CS Pin=J1-18
Added Pin To Net: NetName=SPI0_CS Pin=J1-18
Added Pin To Net: NetName=SPI0_CS Pin=U1-B15
Added Net: Name=SPI0_CS
Added Pin To Net: NetName=SPI0_MISO Pin=J1-22
Added Pin To Net: NetName=SPI0_MISO Pin=U1-C16
Added Net: Name=SPI0_MISO
Added Pin To Net: NetName=SPI0_MOSI Pin=J1-24
Added Pin To Net: NetName=SPI0_MOSI Pin=U1-C15
Added Net: Name=SPI0_MOSI
Added Pin To Net: NetName=SRAS Pin=U1-V13
Added Pin To Net: NetName=SRAS Pin=U2-J3
Added Net: Name=SRAS
Added Pin To Net: NetName=SRST Pin=U1-U16
Added Pin To Net: NetName=SRST Pin=U2-T2
Added Net: Name=SRST
Added Pin To Net: NetName=SVREF Pin=C1-2
Added Pin To Net: NetName=SVREF Pin=C2-2
Added Pin To Net: NetName=SVREF Pin=C3-1
Added Pin To Net: NetName=SVREF Pin=C4-2
Added Pin To Net: NetName=SVREF Pin=R2-1
Added Pin To Net: NetName=SVREF Pin=R3-2
Added Pin To Net: NetName=SVREF Pin=U1-T16
Added Pin To Net: NetName=SVREF Pin=U2-H1
Added Pin To Net: NetName=SVREF Pin=U2-M8
Added Net: Name=SVREF
Added Pin To Net: NetName=SWE Pin=U1-W13
Added Pin To Net: NetName=SWE Pin=U2-L3
Added Net: Name=SWE
Added Pin To Net: NetName=TV_OUT Pin=J1-47
Added Pin To Net: NetName=TV_OUT Pin=U1-F10
Added Net: Name=TV_OUT
Added Pin To Net: NetName=UART0_RX Pin=J1-32
Added Pin To Net: NetName=UART0_RX Pin=U1-H6
Added Net: Name=UART0_RX
Added Pin To Net: NetName=UART0_TX Pin=J1-30
Added Pin To Net: NetName=UART0_TX Pin=U1-F5
Added Net: Name=UART0_TX
Added Pin To Net: NetName=UART1_CTS Pin=J1-40
Added Pin To Net: NetName=UART1_CTS Pin=U1-E3
Added Net: Name=UART1_CTS
Added Pin To Net: NetName=UART1_RTS Pin=J1-38
Added Pin To Net: NetName=UART1_RTS Pin=U1-C3
Added Net: Name=UART1_RTS
Added Pin To Net: NetName=UART1_RX Pin=J1-36
Added Pin To Net: NetName=UART1_RX Pin=U1-D3
Added Net: Name=UART1_RX
Added Pin To Net: NetName=UART1_TX Pin=J1-34
Added Pin To Net: NetName=UART1_TX Pin=U1-G4
Added Net: Name=UART1_TX
Added Pin To Net: NetName=UART2_CTS Pin=J1-48
Added Pin To Net: NetName=UART2_CTS Pin=U1-E13
Added Net: Name=UART2_CTS
Added Pin To Net: NetName=UART2_RTS Pin=J1-46
Added Pin To Net: NetName=UART2_RTS Pin=U1-D6
Added Net: Name=UART2_RTS
Added Pin To Net: NetName=UART2_RX Pin=J1-44
Added Pin To Net: NetName=UART2_RX Pin=U1-D5
Added Net: Name=UART2_RX
Added Pin To Net: NetName=UART2_TX Pin=J1-42
Added Pin To Net: NetName=UART2_TX Pin=U1-D11
Added Net: Name=UART2_TX
Added Pin To Net: NetName=UART3_CTS Pin=U1-D15
Added Net: Name=UART3_CTS
Added Pin To Net: NetName=UART3_RTS Pin=U1-F14
Added Net: Name=UART3_RTS
Added Pin To Net: NetName=UART3_RX Pin=U1-G12
Added Net: Name=UART3_RX
Added Pin To Net: NetName=UART3_TX Pin=U1-E15
Added Net: Name=UART3_TX
Added Pin To Net: NetName=UBOOT Pin=J1-10
Added Pin To Net: NetName=UBOOT Pin=R12-1
Added Pin To Net: NetName=UBOOT Pin=U1-W6
Added Net: Name=UBOOT
Added Pin To Net: NetName=USB_DM0 Pin=J1-19
Added Pin To Net: NetName=USB_DM0 Pin=U1-B5
Added Net: Name=USB_DM0
Added Pin To Net: NetName=USB_DM1 Pin=J1-25
Added Pin To Net: NetName=USB_DM1 Pin=U1-B7
Added Net: Name=USB_DM1
Added Pin To Net: NetName=USB_DM2 Pin=J1-29
Added Pin To Net: NetName=USB_DM2 Pin=U1-A8
Added Net: Name=USB_DM2
Added Pin To Net: NetName=USB_DM3 Pin=J1-33
Added Pin To Net: NetName=USB_DM3 Pin=U1-B9
Added Net: Name=USB_DM3
Added Pin To Net: NetName=USB_DP0 Pin=J1-17
Added Pin To Net: NetName=USB_DP0 Pin=U1-A5
Added Net: Name=USB_DP0
Added Pin To Net: NetName=USB_DP1 Pin=J1-23
Added Pin To Net: NetName=USB_DP1 Pin=U1-B6
Added Net: Name=USB_DP1
Added Pin To Net: NetName=USB_DP2 Pin=J1-27
Added Pin To Net: NetName=USB_DP2 Pin=U1-A7
Added Net: Name=USB_DP2
Added Pin To Net: NetName=USB_DP3 Pin=J1-31
Added Pin To Net: NetName=USB_DP3 Pin=U1-B8
Added Net: Name=USB_DP3
Added Pin To Net: NetName=VCC-DRAM Pin=C3-2
Added Pin To Net: NetName=VCC-DRAM Pin=C5-2
Added Pin To Net: NetName=VCC-DRAM Pin=C6-2
Added Pin To Net: NetName=VCC-DRAM Pin=C7-2
Added Pin To Net: NetName=VCC-DRAM Pin=C8-2
Added Pin To Net: NetName=VCC-DRAM Pin=C9-2
Added Pin To Net: NetName=VCC-DRAM Pin=C10-2
Added Pin To Net: NetName=VCC-DRAM Pin=C11-2
Added Pin To Net: NetName=VCC-DRAM Pin=C12-2
Added Pin To Net: NetName=VCC-DRAM Pin=L2-2
Added Pin To Net: NetName=VCC-DRAM Pin=R2-2
Added Pin To Net: NetName=VCC-DRAM Pin=R22-2
Added Pin To Net: NetName=VCC-DRAM Pin=U1-L16
Added Pin To Net: NetName=VCC-DRAM Pin=U1-M16
Added Pin To Net: NetName=VCC-DRAM Pin=U1-N16
Added Pin To Net: NetName=VCC-DRAM Pin=U1-P16
Added Pin To Net: NetName=VCC-DRAM Pin=U1-P17
Added Pin To Net: NetName=VCC-DRAM Pin=U1-R16
Added Pin To Net: NetName=VCC-DRAM Pin=U1-T12
Added Pin To Net: NetName=VCC-DRAM Pin=U1-T13
Added Pin To Net: NetName=VCC-DRAM Pin=U1-T14
Added Pin To Net: NetName=VCC-DRAM Pin=U1-T15
Added Pin To Net: NetName=VCC-DRAM Pin=U1-U11
Added Pin To Net: NetName=VCC-DRAM Pin=U2-A1
Added Pin To Net: NetName=VCC-DRAM Pin=U2-A8
Added Pin To Net: NetName=VCC-DRAM Pin=U2-B2
Added Pin To Net: NetName=VCC-DRAM Pin=U2-C1
Added Pin To Net: NetName=VCC-DRAM Pin=U2-C9
Added Pin To Net: NetName=VCC-DRAM Pin=U2-D2
Added Pin To Net: NetName=VCC-DRAM Pin=U2-D9
Added Pin To Net: NetName=VCC-DRAM Pin=U2-E9
Added Pin To Net: NetName=VCC-DRAM Pin=U2-F1
Added Pin To Net: NetName=VCC-DRAM Pin=U2-G7
Added Pin To Net: NetName=VCC-DRAM Pin=U2-H2
Added Pin To Net: NetName=VCC-DRAM Pin=U2-H9
Added Pin To Net: NetName=VCC-DRAM Pin=U2-K2
Added Pin To Net: NetName=VCC-DRAM Pin=U2-K8
Added Pin To Net: NetName=VCC-DRAM Pin=U2-N1
Added Pin To Net: NetName=VCC-DRAM Pin=U2-N9
Added Pin To Net: NetName=VCC-DRAM Pin=U2-R1
Added Pin To Net: NetName=VCC-DRAM Pin=U2-R9
Added Net: Name=VCC-DRAM
Added Pin To Net: NetName=VDD1V1_EPHY Pin=C35-2
Added Pin To Net: NetName=VDD1V1_EPHY Pin=R19-2
Added Pin To Net: NetName=VDD1V1_EPHY Pin=U1-F8
Added Net: Name=VDD1V1_EPHY
Added Pin To Net: NetName=VDD1V2-SYS Pin=C21-2
Added Pin To Net: NetName=VDD1V2-SYS Pin=C22-2
Added Pin To Net: NetName=VDD1V2-SYS Pin=C23-2
Added Pin To Net: NetName=VDD1V2-SYS Pin=C40-2
Added Pin To Net: NetName=VDD1V2-SYS Pin=L1-2
Added Pin To Net: NetName=VDD1V2-SYS Pin=R18-2
Added Pin To Net: NetName=VDD1V2-SYS Pin=R19-1
Added Pin To Net: NetName=VDD1V2-SYS Pin=U1-H10
Added Pin To Net: NetName=VDD1V2-SYS Pin=U1-J10
Added Pin To Net: NetName=VDD1V2-SYS Pin=U1-J11
Added Pin To Net: NetName=VDD1V2-SYS Pin=U1-J12
Added Pin To Net: NetName=VDD1V2-SYS Pin=U1-K10
Added Pin To Net: NetName=VDD1V2-SYS Pin=U1-K11
Added Pin To Net: NetName=VDD1V2-SYS Pin=U1-K12
Added Pin To Net: NetName=VDD1V2-SYS Pin=U1-L10
Added Pin To Net: NetName=VDD1V2-SYS Pin=U1-L11
Added Pin To Net: NetName=VDD1V2-SYS Pin=U1-L12
Added Pin To Net: NetName=VDD1V2-SYS Pin=U1-L13
Added Pin To Net: NetName=VDD1V2-SYS Pin=U1-L14
Added Net: Name=VDD1V2-SYS
Added Pin To Net: NetName=VDD-CPUS Pin=C13-2
Added Pin To Net: NetName=VDD-CPUS Pin=C14-2
Added Pin To Net: NetName=VDD-CPUS Pin=U1-J7
Added Pin To Net: NetName=VDD-CPUS Pin=U1-J8
Added Pin To Net: NetName=VDD-CPUS Pin=U1-M4
Added Net: Name=VDD-CPUS
Added Pin To Net: NetName=VDD-CPUX Pin=C24-2
Added Pin To Net: NetName=VDD-CPUX Pin=C25-2
Added Pin To Net: NetName=VDD-CPUX Pin=C26-2
Added Pin To Net: NetName=VDD-CPUX Pin=C46-2
Added Pin To Net: NetName=VDD-CPUX Pin=C47-2
Added Pin To Net: NetName=VDD-CPUX Pin=L5-2
Added Pin To Net: NetName=VDD-CPUX Pin=R30-2
Added Pin To Net: NetName=VDD-CPUX Pin=U1-N8
Added Pin To Net: NetName=VDD-CPUX Pin=U1-P6
Added Pin To Net: NetName=VDD-CPUX Pin=U1-P7
Added Pin To Net: NetName=VDD-CPUX Pin=U1-P8
Added Pin To Net: NetName=VDD-CPUX Pin=U1-P9
Added Pin To Net: NetName=VDD-CPUX Pin=U1-R6
Added Pin To Net: NetName=VDD-CPUX Pin=U1-R7
Added Pin To Net: NetName=VDD-CPUX Pin=U1-R8
Added Pin To Net: NetName=VDD-CPUX Pin=U1-T6
Added Pin To Net: NetName=VDD-CPUX Pin=U1-T7
Added Pin To Net: NetName=VDD-CPUX Pin=U1-T8
Added Pin To Net: NetName=VDD-CPUX Pin=U1-U6
Added Pin To Net: NetName=VDD-CPUX Pin=U1-U9
Added Pin To Net: NetName=VDD-CPUX Pin=U6-5
Added Net: Name=VDD-CPUX
Added Pin To Net: NetName=VDD_5V Pin=C42-2
Added Pin To Net: NetName=VDD_5V Pin=C44-2
Added Pin To Net: NetName=VDD_5V Pin=C45-2
Added Pin To Net: NetName=VDD_5V Pin=C49-2
Added Pin To Net: NetName=VDD_5V Pin=J1-5
Added Pin To Net: NetName=VDD_5V Pin=J1-7
Added Pin To Net: NetName=VDD_5V Pin=Q1-2
Added Pin To Net: NetName=VDD_5V Pin=Q2-4
Added Pin To Net: NetName=VDD_5V Pin=U4-4
Added Pin To Net: NetName=VDD_5V Pin=U5-1
Added Pin To Net: NetName=VDD_5V Pin=U5-4
Added Pin To Net: NetName=VDD_5V Pin=U6-2
Added Pin To Net: NetName=VDD_5V Pin=U7-5
Added Net: Name=VDD_5V
Added Pin To Net: NetName=VDD_AV_3.3V Pin=C36-1
Added Pin To Net: NetName=VDD_AV_3.3V Pin=C38-2
Added Pin To Net: NetName=VDD_AV_3.3V Pin=C39-2
Added Pin To Net: NetName=VDD_AV_3.3V Pin=L4-2
Added Pin To Net: NetName=VDD_AV_3.3V Pin=R9-2
Added Pin To Net: NetName=VDD_AV_3.3V Pin=R10-2
Added Pin To Net: NetName=VDD_AV_3.3V Pin=R11-2
Added Pin To Net: NetName=VDD_AV_3.3V Pin=R12-2
Added Pin To Net: NetName=VDD_AV_3.3V Pin=R13-2
Added Pin To Net: NetName=VDD_AV_3.3V Pin=U1-K6
Added Pin To Net: NetName=VDD_AV_3.3V Pin=U1-N3
Added Pin To Net: NetName=VDD_AV_3.3V Pin=U1-V3
Added Net: Name=VDD_AV_3.3V
Added Pin To Net: NetName=VDD_CPUFB Pin=C48-2
Added Pin To Net: NetName=VDD_CPUFB Pin=R15-2
Added Pin To Net: NetName=VDD_CPUFB Pin=R30-1
Added Pin To Net: NetName=VDD_CPUFB Pin=U1-T10
Added Net: Name=VDD_CPUFB
Added Pin To Net: NetName=VDD_SYS_3.3V Pin=C16-2
Added Pin To Net: NetName=VDD_SYS_3.3V Pin=C17-2
Added Pin To Net: NetName=VDD_SYS_3.3V Pin=C18-2
Added Pin To Net: NetName=VDD_SYS_3.3V Pin=C19-2
Added Pin To Net: NetName=VDD_SYS_3.3V Pin=C28-2
Added Pin To Net: NetName=VDD_SYS_3.3V Pin=C41-2
Added Pin To Net: NetName=VDD_SYS_3.3V Pin=C43-2
Added Pin To Net: NetName=VDD_SYS_3.3V Pin=C51-2
Added Pin To Net: NetName=VDD_SYS_3.3V Pin=J1-8
Added Pin To Net: NetName=VDD_SYS_3.3V Pin=J2-4
Added Pin To Net: NetName=VDD_SYS_3.3V Pin=L3-2
Added Pin To Net: NetName=VDD_SYS_3.3V Pin=L4-1
Added Pin To Net: NetName=VDD_SYS_3.3V Pin=R17-1
Added Pin To Net: NetName=VDD_SYS_3.3V Pin=R21-1
Added Pin To Net: NetName=VDD_SYS_3.3V Pin=R24-2
Added Pin To Net: NetName=VDD_SYS_3.3V Pin=R31-2
Added Pin To Net: NetName=VDD_SYS_3.3V Pin=R32-2
Added Pin To Net: NetName=VDD_SYS_3.3V Pin=U1-G7
Added Pin To Net: NetName=VDD_SYS_3.3V Pin=U1-G9
Added Pin To Net: NetName=VDD_SYS_3.3V Pin=U1-G10
Added Pin To Net: NetName=VDD_SYS_3.3V Pin=U1-G11
Added Pin To Net: NetName=VDD_SYS_3.3V Pin=U1-G13
Added Pin To Net: NetName=VDD_SYS_3.3V Pin=U1-G14
Added Pin To Net: NetName=VDD_SYS_3.3V Pin=U1-G15
Added Pin To Net: NetName=VDD_SYS_3.3V Pin=U1-H7
Added Pin To Net: NetName=VDD_SYS_3.3V Pin=U1-H13
Added Pin To Net: NetName=VDD_SYS_3.3V Pin=U1-H14
Added Pin To Net: NetName=VDD_SYS_3.3V Pin=U1-J6
Added Pin To Net: NetName=VDD_SYS_3.3V Pin=U1-J14
Added Pin To Net: NetName=VDD_SYS_3.3V Pin=U1-J15
Added Pin To Net: NetName=VDD_SYS_3.3V Pin=U3-4
Added Net: Name=VDD_SYS_3.3V
Added Pin To Net: NetName=VDD_USB_5V Pin=C50-2
Added Pin To Net: NetName=VDD_USB_5V Pin=J1-1
Added Pin To Net: NetName=VDD_USB_5V Pin=J1-3
Added Pin To Net: NetName=VDD_USB_5V Pin=Q1-3
Added Pin To Net: NetName=VDD_USB_5V Pin=Q2-1
Added Pin To Net: NetName=VDD_USB_5V Pin=U7-1
Added Net: Name=VDD_USB_5V
Added Pin To Net: NetName=XIN Pin=C20-2
Added Pin To Net: NetName=XIN Pin=U1-K2
Added Pin To Net: NetName=XIN Pin=X1-4
Added Net: Name=XIN
Added Pin To Net: NetName=XOUT Pin=C15-1
Added Pin To Net: NetName=XOUT Pin=U1-K1
Added Pin To Net: NetName=XOUT Pin=X1-2
Added Net: Name=XOUT
Added Class: Name=Main
Added Room: Name=Main
