Removed Pin From Net: NetName=UBOOT Pin=J1-10
Removed Pin From Net: NetName=GPIOL4/RECOVERY Pin=J1-12
Removed Pin From Net: NetName=GPIOL3/K1 Pin=J1-14
Removed Pin From Net: NetName=AP-RESET# Pin=J1-16
Removed Pin From Net: NetName=AP-RESET# Pin=J1-16
Removed Pin From Net: NetName=SPI0_CS Pin=J1-18
Removed Pin From Net: NetName=SPI0_CS Pin=J1-18
Removed Pin From Net: NetName=SPI0_CLK Pin=J1-20
Removed Pin From Net: NetName=SPI0_MISO Pin=J1-22
Removed Pin From Net: NetName=SPI0_MOSI Pin=J1-24
Removed Pin From Net: NetName=I2C0_SDA Pin=J1-26
Removed Pin From Net: NetName=I2C0_SCL Pin=J1-28
Removed Pin From Net: NetName=UART0_TX Pin=J1-30
Removed Pin From Net: NetName=UART0_RX Pin=J1-32
Removed Pin From Net: NetName=UART1_TX Pin=J1-34
Removed Pin From Net: NetName=UART1_RX Pin=J1-36
Removed Pin From Net: NetName=UART1_RTS Pin=J1-38
Removed Pin From Net: NetName=UART1_CTS Pin=J1-40
Removed Pin From Net: NetName=UART2_TX Pin=J1-42
Removed Pin From Net: NetName=UART2_RX Pin=J1-44
Removed Pin From Net: NetName=UART2_RTS Pin=J1-46
Removed Pin From Net: NetName=UART2_CTS Pin=J1-48
Removed Pin From Net: NetName=GPIOL11/IR-RX Pin=J1-50
Added Pin To Net: NetName=SPI0_CS Pin=J1-10
Added Pin To Net: NetName=SPI0_CLK Pin=J1-12
Added Pin To Net: NetName=SPI0_MISO Pin=J1-14
Added Pin To Net: NetName=SPI0_MOSI Pin=J1-16
Added Pin To Net: NetName=SPI0_MOSI Pin=J1-16
Added Pin To Net: NetName=I2C0_SDA Pin=J1-18
Added Pin To Net: NetName=I2C0_SDA Pin=J1-18
Added Pin To Net: NetName=I2C0_SCL Pin=J1-20
Added Pin To Net: NetName=UART0_TX Pin=J1-22
Added Pin To Net: NetName=UART0_RX Pin=J1-24
Added Pin To Net: NetName=UART1_TX Pin=J1-26
Added Pin To Net: NetName=UART1_RX Pin=J1-28
Added Pin To Net: NetName=UART1_RTS Pin=J1-30
Added Pin To Net: NetName=UART1_CTS Pin=J1-32
Added Pin To Net: NetName=UART2_TX Pin=J1-34
Added Pin To Net: NetName=UART2_RX Pin=J1-36
Added Pin To Net: NetName=UART2_RTS Pin=J1-38
Added Pin To Net: NetName=UART2_CTS Pin=J1-40
Added Pin To Net: NetName=GPIOL11/IR-RX Pin=J1-42
Added Pin To Net: NetName=UBOOT Pin=J1-44
Added Pin To Net: NetName=GPIOL4/RECOVERY Pin=J1-46
Added Pin To Net: NetName=GPIOL3/K1 Pin=J1-48
Added Pin To Net: NetName=AP-RESET# Pin=J1-50
