Removed Pin From Net: NetName=VDD_USB_5V Pin=U7-1
Removed Pin From Net: NetName=GND Pin=U7-2
Removed Pin From Net: NetName=NetR28_2 Pin=U7-3
Removed Pin From Net: NetName=GPIOL2/USB0_DRVVBUS Pin=U7-4
Removed Pin From Net: NetName=VDD_5V Pin=U7-5
Change Component Footprint: Designator=U7 Old Footprint=SY6280 New Footprint=CH340E
Change Component Comment : Designator=U7 Old Comment=SY6280 New Comment=CH340E
Change Component Designator: OldDesignator=U7 NewDesignator=U8
Added Component: Designator=U7(SY6280)
Add component. Clean all parameters for all variants
Added Component: Designator=USB1(MicroUSB)
Add component. Clean all parameters for all variants
Added Pin To Net: NetName=VDD_USB_5V Pin=U7-1
Added Pin To Net: NetName=GND Pin=U7-2
Added Pin To Net: NetName=NetR28_2 Pin=U7-3
Added Pin To Net: NetName=GPIOL2/USB0_DRVVBUS Pin=U7-4
Added Pin To Net: NetName=VDD_5V Pin=U7-5
Added Pin To Net: NetName=GND Pin=U8-3
Added Pin To Net: NetName=VDD_5V Pin=U8-7
Added Pin To Net: NetName=UART0_RX Pin=U8-8
Added Pin To Net: NetName=UART0_TX Pin=U8-9
Added Pin To Net: NetName=VDD_5V Pin=U8-10
Added Pin To Net: NetName=GND Pin=USB1-0
Added Pin To Net: NetName=GND Pin=USB1-0
Added Pin To Net: NetName=GND Pin=USB1-0
Added Pin To Net: NetName=GND Pin=USB1-0
Added Pin To Net: NetName=VDD_5V Pin=USB1-1
Added Pin To Net: NetName=GND Pin=USB1-5
Added Pin To Net: NetName=D+ Pin=U8-1
Added Pin To Net: NetName=D+ Pin=USB1-3
Added Net: Name=D+
Added Pin To Net: NetName=D- Pin=U8-2
Added Pin To Net: NetName=D- Pin=USB1-2
Added Net: Name=D-
Added Member To Class: ClassName=Main Member=Component U8 CH340E
Added Member To Class: ClassName=Main Member=Component USB1 MicroUSB
