Change Physical Footprint: Designator=C1 Old Footprint=CAP_0402 New Footprint=CAP_0402
Change Physical Footprint: Designator=C2 Old Footprint=CAP_0402 New Footprint=CAP_0402
Change Physical Footprint: Designator=C3 Old Footprint=CAP_0402 New Footprint=CAP_0402
Change Physical Footprint: Designator=C4 Old Footprint=CAP_0402 New Footprint=CAP_0402
Change Physical Footprint: Designator=C5 Old Footprint=CAP_0402 New Footprint=CAP_0402
Change Physical Footprint: Designator=C6 Old Footprint=CAP_0402 New Footprint=CAP_0402
Change Physical Footprint: Designator=C7 Old Footprint=CAP_0402 New Footprint=CAP_0402
Change Physical Footprint: Designator=C8 Old Footprint=CAP_0402 New Footprint=CAP_0402
Change Physical Footprint: Designator=C9 Old Footprint=CAP_0402 New Footprint=CAP_0402
Change Physical Footprint: Designator=C10 Old Footprint=CAP_0402 New Footprint=CAP_0402
Change Physical Footprint: Designator=C11 Old Footprint=CAP_0402 New Footprint=CAP_0402
Change Physical Footprint: Designator=C12 Old Footprint=CAP_0402 New Footprint=CAP_0402
Change Physical Footprint: Designator=C13 Old Footprint=CAP_0402 New Footprint=CAP_0402
Change Physical Footprint: Designator=C14 Old Footprint=CAP_0402 New Footprint=CAP_0402
Change Physical Footprint: Designator=C15 Old Footprint=CAP_0402 New Footprint=CAP_0402
Change Physical Footprint: Designator=C16 Old Footprint=CAP_0402 New Footprint=CAP_0402
Change Physical Footprint: Designator=C17 Old Footprint=CAP_0402 New Footprint=CAP_0402
Change Physical Footprint: Designator=C18 Old Footprint=CAP_0402 New Footprint=CAP_0402
Change Physical Footprint: Designator=C19 Old Footprint=CAP_0402 New Footprint=CAP_0402
Change Physical Footprint: Designator=C20 Old Footprint=CAP_0402 New Footprint=CAP_0402
Change Physical Footprint: Designator=C21 Old Footprint=CAP_0402 New Footprint=CAP_0402
Change Physical Footprint: Designator=C22 Old Footprint=CAP_0402 New Footprint=CAP_0402
Change Physical Footprint: Designator=C23 Old Footprint=CAP_0402 New Footprint=CAP_0402
Change Physical Footprint: Designator=C24 Old Footprint=CAP_0402 New Footprint=CAP_0402
Change Physical Footprint: Designator=C25 Old Footprint=CAP_0402 New Footprint=CAP_0402
Change Physical Footprint: Designator=C26 Old Footprint=CAP_0402 New Footprint=CAP_0402
Change Physical Footprint: Designator=C27 Old Footprint=CAP_0402 New Footprint=CAP_0402
Change Physical Footprint: Designator=C28 Old Footprint=CAP_0402 New Footprint=CAP_0402
Change Physical Footprint: Designator=C29 Old Footprint=CAP_0402 New Footprint=CAP_0402
Change Physical Footprint: Designator=C30 Old Footprint=CAP_0402 New Footprint=CAP_0402
Change Physical Footprint: Designator=C31 Old Footprint=CAP_0402 New Footprint=CAP_0402
Change Physical Footprint: Designator=C32 Old Footprint=CAP_0402 New Footprint=CAP_0402
Change Physical Footprint: Designator=C33 Old Footprint=CAP_0402 New Footprint=CAP_0402
Change Physical Footprint: Designator=C34 Old Footprint=CAP_0402 New Footprint=CAP_0402
Change Physical Footprint: Designator=C35 Old Footprint=CAP_0402 New Footprint=CAP_0402
Change Physical Footprint: Designator=C36 Old Footprint=CAP_0402 New Footprint=CAP_0402
Change Physical Footprint: Designator=C37 Old Footprint=CAP_0402 New Footprint=CAP_0402
Change Physical Footprint: Designator=C38 Old Footprint=CAP_0402 New Footprint=CAP_0402
Change Physical Footprint: Designator=C39 Old Footprint=CAP_0402 New Footprint=CAP_0402
Change Physical Footprint: Designator=C40 Old Footprint=CAP_0402 New Footprint=CAP_0402
Change Physical Footprint: Designator=C41 Old Footprint=CAP_0402 New Footprint=CAP_0402
Change Physical Footprint: Designator=C42 Old Footprint=CAP_0402 New Footprint=CAP_0402
Change Physical Footprint: Designator=C43 Old Footprint=CAP_0402 New Footprint=CAP_0402
Change Physical Footprint: Designator=C44 Old Footprint=CAP_0402 New Footprint=CAP_0402
Change Physical Footprint: Designator=C45 Old Footprint=CAP_0402 New Footprint=CAP_0402
Change Physical Footprint: Designator=C46 Old Footprint=CAP_0402 New Footprint=CAP_0402
Change Physical Footprint: Designator=C47 Old Footprint=CAP_0402 New Footprint=CAP_0402
Change Physical Footprint: Designator=C48 Old Footprint=CAP_0402 New Footprint=CAP_0402
Change Physical Footprint: Designator=C49 Old Footprint=CAP_0402 New Footprint=CAP_0402
Change Physical Footprint: Designator=C51 Old Footprint=CAP_0402 New Footprint=CAP_0402
Change Physical Footprint: Designator=J1 Old Footprint=mini PCI-E New Footprint=mini PCI-E
Change Physical Footprint: Designator=J2 Old Footprint=TF-021B New Footprint=TF-021B
Change Physical Footprint: Designator=L1 Old Footprint=IND_2520 New Footprint=IND_2520
Change Physical Footprint: Designator=L2 Old Footprint=IND_2520 New Footprint=IND_2520
Change Physical Footprint: Designator=L3 Old Footprint=IND_2520 New Footprint=IND_2520
Change Physical Footprint: Designator=L4 Old Footprint=IND_0402 New Footprint=IND_0402
Change Physical Footprint: Designator=L5 Old Footprint=IND_2520 New Footprint=IND_2520
Change Physical Footprint: Designator=Q1 Old Footprint=AO3415A New Footprint=AO3415A
Change Physical Footprint: Designator=Q2 Old Footprint=BCM856BS New Footprint=BCM856BS
Change Physical Footprint: Designator=R1 Old Footprint=RES_0402 New Footprint=RES_0402
Change Physical Footprint: Designator=R2 Old Footprint=RES_0402 New Footprint=RES_0402
Change Physical Footprint: Designator=R3 Old Footprint=RES_0402 New Footprint=RES_0402
Change Physical Footprint: Designator=R4 Old Footprint=RES_0402 New Footprint=RES_0402
Change Physical Footprint: Designator=R5 Old Footprint=RES_0402 New Footprint=RES_0402
Change Physical Footprint: Designator=R6 Old Footprint=RES_0402 New Footprint=RES_0402
Change Physical Footprint: Designator=R7 Old Footprint=RES_0402 New Footprint=RES_0402
Change Physical Footprint: Designator=R8 Old Footprint=RES_0402 New Footprint=RES_0402
Change Physical Footprint: Designator=R9 Old Footprint=RES_0402 New Footprint=RES_0402
Change Physical Footprint: Designator=R10 Old Footprint=RES_0402 New Footprint=RES_0402
Change Physical Footprint: Designator=R11 Old Footprint=RES_0402 New Footprint=RES_0402
Change Physical Footprint: Designator=R12 Old Footprint=RES_0402 New Footprint=RES_0402
Change Physical Footprint: Designator=R13 Old Footprint=RES_0402 New Footprint=RES_0402
Change Physical Footprint: Designator=R14 Old Footprint=RES_0402 New Footprint=RES_0402
Change Physical Footprint: Designator=R15 Old Footprint=RES_0402 New Footprint=RES_0402
Change Physical Footprint: Designator=R16 Old Footprint=RES_0402 New Footprint=RES_0402
Change Physical Footprint: Designator=R17 Old Footprint=RES_0402 New Footprint=RES_0402
Change Physical Footprint: Designator=R18 Old Footprint=RES_0402 New Footprint=RES_0402
Change Physical Footprint: Designator=R19 Old Footprint=RES_0402 New Footprint=RES_0402
Change Physical Footprint: Designator=R20 Old Footprint=RES_0402 New Footprint=RES_0402
Change Physical Footprint: Designator=R21 Old Footprint=RES_0402 New Footprint=RES_0402
Change Physical Footprint: Designator=R22 Old Footprint=RES_0402 New Footprint=RES_0402
Change Physical Footprint: Designator=R23 Old Footprint=RES_0402 New Footprint=RES_0402
Change Physical Footprint: Designator=R24 Old Footprint=RES_0402 New Footprint=RES_0402
Change Physical Footprint: Designator=R25 Old Footprint=RES_0402 New Footprint=RES_0402
Change Physical Footprint: Designator=R26 Old Footprint=RES_0402 New Footprint=RES_0402
Change Physical Footprint: Designator=R27 Old Footprint=RES_0402 New Footprint=RES_0402
Change Physical Footprint: Designator=R30 Old Footprint=RES_0402 New Footprint=RES_0402
Change Physical Footprint: Designator=R31 Old Footprint=RES_0402 New Footprint=RES_0402
Change Physical Footprint: Designator=R33 Old Footprint=RES_0402 New Footprint=RES_0402
Change Physical Footprint: Designator=U1 Old Footprint=ALLWINNER-H3 New Footprint=ALLWINNER-H3
Change Physical Footprint: Designator=U2 Old Footprint=K4B4G1646D-BCK0 New Footprint=K4B4G1646D-BCK0
Change Physical Footprint: Designator=U3 Old Footprint=SY8088AAC New Footprint=SY8088AAC
Change Physical Footprint: Designator=U4 Old Footprint=RT8059 New Footprint=RT8059
Change Physical Footprint: Designator=U5 Old Footprint=RT8059 New Footprint=RT8059
Change Physical Footprint: Designator=U6 Old Footprint=MP2143DJ New Footprint=MP2143DJ
Change Physical Footprint: Designator=U8 Old Footprint=CH340E New Footprint=CH340E
Change Physical Footprint: Designator=USB1 Old Footprint=MicroUSB New Footprint=MicroUSB
Change Physical Footprint: Designator=X1 Old Footprint=SMD2520 New Footprint=SMD2520
