Removed Pin From Net: NetName=TV_OUT Pin=J1-22
Removed Pin From Net: NetName=USB_DP1 Pin=J1-24
Removed Pin From Net: NetName=USB_DM1 Pin=J1-26
Removed Pin From Net: NetName=USB_DP2 Pin=J1-28
Removed Pin From Net: NetName=USB_DM2 Pin=J1-30
Removed Pin From Net: NetName=USB_DP3 Pin=J1-32
Removed Pin From Net: NetName=USB_DM3 Pin=J1-34
Removed Pin From Net: NetName=GPIOG11 Pin=J1-36
Removed Pin From Net: NetName=UART1_RTS Pin=J1-38
Removed Pin From Net: NetName=UART1_RX Pin=J1-40
Removed Pin From Net: NetName=UART1_CTS Pin=J1-42
Removed Pin From Net: NetName=UART1_TX Pin=J1-44
Added Pin To Net: NetName=UART1_CTS Pin=J1-22
Added Pin To Net: NetName=UART1_TX Pin=J1-24
Added Pin To Net: NetName=UART1_RX Pin=J1-26
Added Pin To Net: NetName=UART1_RTS Pin=J1-28
Added Pin To Net: NetName=TV_OUT Pin=J1-30
Added Pin To Net: NetName=USB_DP1 Pin=J1-32
Added Pin To Net: NetName=USB_DM1 Pin=J1-34
Added Pin To Net: NetName=USB_DP2 Pin=J1-36
Added Pin To Net: NetName=USB_DM2 Pin=J1-38
Added Pin To Net: NetName=USB_DP3 Pin=J1-40
Added Pin To Net: NetName=USB_DM3 Pin=J1-42
Added Pin To Net: NetName=GPIOG11 Pin=J1-44
