Replace Part C1 CAP_0402_0.1uF in D:\GitHub\H3chip\1.Hardware\H3-chip\H3-chip\Main.SchDoc with CAP_0402_0.1uF from myIntlib.IntLib
Replace Part C2 CAP_0402_0.1uF in D:\GitHub\H3chip\1.Hardware\H3-chip\H3-chip\Main.SchDoc with CAP_0402_0.1uF from myIntlib.IntLib
Replace Part C3 CAP_0402_0.1uF in D:\GitHub\H3chip\1.Hardware\H3-chip\H3-chip\Main.SchDoc with CAP_0402_0.1uF from myIntlib.IntLib
Replace Part C4 CAP_0402_0.1uF in D:\GitHub\H3chip\1.Hardware\H3-chip\H3-chip\Main.SchDoc with CAP_0402_0.1uF from myIntlib.IntLib
Replace Part C5 CAP_0402_10uF in D:\GitHub\H3chip\1.Hardware\H3-chip\H3-chip\Main.SchDoc with CAP_0402_10uF from myIntlib.IntLib
Replace Part C6 CAP_0402_1uF in D:\GitHub\H3chip\1.Hardware\H3-chip\H3-chip\Main.SchDoc with CAP_0402_1uF from myIntlib.IntLib
Replace Part C7 CAP_0402_0.1uF in D:\GitHub\H3chip\1.Hardware\H3-chip\H3-chip\Main.SchDoc with CAP_0402_0.1uF from myIntlib.IntLib
Replace Part C8 CAP_0402_0.1uF in D:\GitHub\H3chip\1.Hardware\H3-chip\H3-chip\Main.SchDoc with CAP_0402_0.1uF from myIntlib.IntLib
Replace Part C9 CAP_0402_0.1uF in D:\GitHub\H3chip\1.Hardware\H3-chip\H3-chip\Main.SchDoc with CAP_0402_0.1uF from myIntlib.IntLib
Replace Part C10 CAP_0402_0.1uF in D:\GitHub\H3chip\1.Hardware\H3-chip\H3-chip\Main.SchDoc with CAP_0402_0.1uF from myIntlib.IntLib
Replace Part C11 CAP_0402_0.1uF in D:\GitHub\H3chip\1.Hardware\H3-chip\H3-chip\Main.SchDoc with CAP_0402_0.1uF from myIntlib.IntLib
Replace Part C12 CAP_0402_0.1uF in D:\GitHub\H3chip\1.Hardware\H3-chip\H3-chip\Main.SchDoc with CAP_0402_0.1uF from myIntlib.IntLib
Replace Part C13 CAP_0402_1uF in D:\GitHub\H3chip\1.Hardware\H3-chip\H3-chip\Main.SchDoc with CAP_0402_1uF from myIntlib.IntLib
Replace Part C14 CAP_0402_0.1uF in D:\GitHub\H3chip\1.Hardware\H3-chip\H3-chip\Main.SchDoc with CAP_0402_0.1uF from myIntlib.IntLib
Replace Part C15 CAP_0402_18pF in D:\GitHub\H3chip\1.Hardware\H3-chip\H3-chip\Main.SchDoc with CAP_0402_18pF from myIntlib.IntLib
Replace Part C16 CAP_0402_0.1uF in D:\GitHub\H3chip\1.Hardware\H3-chip\H3-chip\Main.SchDoc with CAP_0402_0.1uF from myIntlib.IntLib
Replace Part C17 CAP_0402_0.1uF in D:\GitHub\H3chip\1.Hardware\H3-chip\H3-chip\Main.SchDoc with CAP_0402_0.1uF from myIntlib.IntLib
Replace Part C18 CAP_0402_0.1uF in D:\GitHub\H3chip\1.Hardware\H3-chip\H3-chip\Main.SchDoc with CAP_0402_0.1uF from myIntlib.IntLib
Replace Part C19 CAP_0402_0.1uF in D:\GitHub\H3chip\1.Hardware\H3-chip\H3-chip\Main.SchDoc with CAP_0402_0.1uF from myIntlib.IntLib
Replace Part C20 CAP_0402_18pF in D:\GitHub\H3chip\1.Hardware\H3-chip\H3-chip\Main.SchDoc with CAP_0402_18pF from myIntlib.IntLib
Replace Part C21 CAP_0402_0.1uF in D:\GitHub\H3chip\1.Hardware\H3-chip\H3-chip\Main.SchDoc with CAP_0402_0.1uF from myIntlib.IntLib
Replace Part C22 CAP_0402_0.1uF in D:\GitHub\H3chip\1.Hardware\H3-chip\H3-chip\Main.SchDoc with CAP_0402_0.1uF from myIntlib.IntLib
Replace Part C23 CAP_0402_0.1uF in D:\GitHub\H3chip\1.Hardware\H3-chip\H3-chip\Main.SchDoc with CAP_0402_0.1uF from myIntlib.IntLib
Replace Part C24 CAP_0402_10uF in D:\GitHub\H3chip\1.Hardware\H3-chip\H3-chip\Main.SchDoc with CAP_0402_10uF from myIntlib.IntLib
Replace Part C25 CAP_0402_0.1uF in D:\GitHub\H3chip\1.Hardware\H3-chip\H3-chip\Main.SchDoc with CAP_0402_0.1uF from myIntlib.IntLib
Replace Part C26 CAP_0402_0.1uF in D:\GitHub\H3chip\1.Hardware\H3-chip\H3-chip\Main.SchDoc with CAP_0402_0.1uF from myIntlib.IntLib
Replace Part C27 CAP_0402_10uF in D:\GitHub\H3chip\1.Hardware\H3-chip\H3-chip\Main.SchDoc with CAP_0402_10uF from myIntlib.IntLib
Replace Part C28 CAP_0402_0.1uF in D:\GitHub\H3chip\1.Hardware\H3-chip\H3-chip\Main.SchDoc with CAP_0402_0.1uF from myIntlib.IntLib
Replace Part C29 CAP_0402_1uF in D:\GitHub\H3chip\1.Hardware\H3-chip\H3-chip\Main.SchDoc with CAP_0402_1uF from myIntlib.IntLib
Replace Part C30 CAP_0402_4.7uF in D:\GitHub\H3chip\1.Hardware\H3-chip\H3-chip\Main.SchDoc with CAP_0402_4.7uF from myIntlib.IntLib
Replace Part C31 CAP_0402_10uF in D:\GitHub\H3chip\1.Hardware\H3-chip\H3-chip\Main.SchDoc with CAP_0402_10uF from myIntlib.IntLib
Replace Part C32 CAP_0402_0.1uF in D:\GitHub\H3chip\1.Hardware\H3-chip\H3-chip\Main.SchDoc with CAP_0402_0.1uF from myIntlib.IntLib
Replace Part C33 CAP_0402_0.1uF in D:\GitHub\H3chip\1.Hardware\H3-chip\H3-chip\Main.SchDoc with CAP_0402_0.1uF from myIntlib.IntLib
Replace Part C34 CAP_0402_0.1uF in D:\GitHub\H3chip\1.Hardware\H3-chip\H3-chip\Main.SchDoc with CAP_0402_0.1uF from myIntlib.IntLib
Replace Part C35 CAP_0402_0.1uF in D:\GitHub\H3chip\1.Hardware\H3-chip\H3-chip\Main.SchDoc with CAP_0402_0.1uF from myIntlib.IntLib
Replace Part C36 CAP_0402_0.1uF in D:\GitHub\H3chip\1.Hardware\H3-chip\H3-chip\Main.SchDoc with CAP_0402_0.1uF from myIntlib.IntLib
Replace Part C37 CAP_0402_0.1uF in D:\GitHub\H3chip\1.Hardware\H3-chip\H3-chip\Main.SchDoc with CAP_0402_0.1uF from myIntlib.IntLib
Replace Part C38 CAP_0402_10uF in D:\GitHub\H3chip\1.Hardware\H3-chip\H3-chip\Main.SchDoc with CAP_0402_10uF from myIntlib.IntLib
Replace Part C39 CAP_0402_10uF in D:\GitHub\H3chip\1.Hardware\H3-chip\H3-chip\Main.SchDoc with CAP_0402_10uF from myIntlib.IntLib
Replace Part C40 CAP_0402_10uF in D:\GitHub\H3chip\1.Hardware\H3-chip\H3-chip\Main.SchDoc with CAP_0402_10uF from myIntlib.IntLib
Replace Part C41 CAP_0402_10uF in D:\GitHub\H3chip\1.Hardware\H3-chip\H3-chip\Main.SchDoc with CAP_0402_10uF from myIntlib.IntLib
Replace Part C42 CAP_0402_10uF in D:\GitHub\H3chip\1.Hardware\H3-chip\H3-chip\Main.SchDoc with CAP_0402_10uF from myIntlib.IntLib
Replace Part C43 CAP_0402_10uF in D:\GitHub\H3chip\1.Hardware\H3-chip\H3-chip\Main.SchDoc with CAP_0402_10uF from myIntlib.IntLib
Replace Part C44 CAP_0402_10uF in D:\GitHub\H3chip\1.Hardware\H3-chip\H3-chip\Main.SchDoc with CAP_0402_10uF from myIntlib.IntLib
Replace Part C45 CAP_0402_10uF in D:\GitHub\H3chip\1.Hardware\H3-chip\H3-chip\Main.SchDoc with CAP_0402_10uF from myIntlib.IntLib
Replace Part C46 CAP_0402_10uF in D:\GitHub\H3chip\1.Hardware\H3-chip\H3-chip\Main.SchDoc with CAP_0402_10uF from myIntlib.IntLib
Replace Part C47 CAP_0402_0.1uF in D:\GitHub\H3chip\1.Hardware\H3-chip\H3-chip\Main.SchDoc with CAP_0402_0.1uF from myIntlib.IntLib
Replace Part C48 CAP_0402_10uF in D:\GitHub\H3chip\1.Hardware\H3-chip\H3-chip\Main.SchDoc with CAP_0402_10uF from myIntlib.IntLib
Replace Part C49 CAP_0402_10uF in D:\GitHub\H3chip\1.Hardware\H3-chip\H3-chip\Main.SchDoc with CAP_0402_10uF from myIntlib.IntLib
Replace Part C51 CAP_0402_10uF in D:\GitHub\H3chip\1.Hardware\H3-chip\H3-chip\Main.SchDoc with CAP_0402_10uF from myIntlib.IntLib
Replace Part J1 mini PCI-E in D:\GitHub\H3chip\1.Hardware\H3-chip\H3-chip\Main.SchDoc with mini PCI-E from myIntlib.IntLib
Replace Part J2 TF¿¨×ù-021B in D:\GitHub\H3chip\1.Hardware\H3-chip\H3-chip\Main.SchDoc with TF¿¨×ù-021B from myIntlib.IntLib
Replace Part L1 IND_2520_2.2uH in D:\GitHub\H3chip\1.Hardware\H3-chip\H3-chip\Main.SchDoc with IND_2520_2.2uH from myIntlib.IntLib
Replace Part L2 IND_2520_2.2uH in D:\GitHub\H3chip\1.Hardware\H3-chip\H3-chip\Main.SchDoc with IND_2520_2.2uH from myIntlib.IntLib
Replace Part L3 IND_2520_2.2uH in D:\GitHub\H3chip\1.Hardware\H3-chip\H3-chip\Main.SchDoc with IND_2520_2.2uH from myIntlib.IntLib
Replace Part L4 IND_0402_1500R in D:\GitHub\H3chip\1.Hardware\H3-chip\H3-chip\Main.SchDoc with IND_0402_1500R from myIntlib.IntLib
Replace Part L5 IND_2520_2.2uH in D:\GitHub\H3chip\1.Hardware\H3-chip\H3-chip\Main.SchDoc with IND_2520_2.2uH from myIntlib.IntLib
Replace Part Q1 AO3415A in D:\GitHub\H3chip\1.Hardware\H3-chip\H3-chip\Main.SchDoc with AO3415A from myIntlib.IntLib
Replace Part Q2 BCM856BS in D:\GitHub\H3chip\1.Hardware\H3-chip\H3-chip\Main.SchDoc with BCM856BS from myIntlib.IntLib
Replace Part R1 RES_0402_240R in D:\GitHub\H3chip\1.Hardware\H3-chip\H3-chip\Main.SchDoc with RES_0402_240R from myIntlib.IntLib
Replace Part R2 RES_0402_2K in D:\GitHub\H3chip\1.Hardware\H3-chip\H3-chip\Main.SchDoc with RES_0402_2K from myIntlib.IntLib
Replace Part R3 RES_0402_2K in D:\GitHub\H3chip\1.Hardware\H3-chip\H3-chip\Main.SchDoc with RES_0402_2K from myIntlib.IntLib
Replace Part R4 RES_0402_100R in D:\GitHub\H3chip\1.Hardware\H3-chip\H3-chip\Main.SchDoc with RES_0402_100R from myIntlib.IntLib
Replace Part R5 RES_0402_240R in D:\GitHub\H3chip\1.Hardware\H3-chip\H3-chip\Main.SchDoc with RES_0402_240R from myIntlib.IntLib
Replace Part R6 RES_0402_240R in D:\GitHub\H3chip\1.Hardware\H3-chip\H3-chip\Main.SchDoc with RES_0402_240R from myIntlib.IntLib
Replace Part R7 RES_0402_220K in D:\GitHub\H3chip\1.Hardware\H3-chip\H3-chip\Main.SchDoc with RES_0402_220K from myIntlib.IntLib
Replace Part R8 RES_0402_6K in D:\GitHub\H3chip\1.Hardware\H3-chip\H3-chip\Main.SchDoc with RES_0402_6K from myIntlib.IntLib
Replace Part R9 RES_0402_47K in D:\GitHub\H3chip\1.Hardware\H3-chip\H3-chip\Main.SchDoc with RES_0402_47K from myIntlib.IntLib
Replace Part R10 RES_0402_100K in D:\GitHub\H3chip\1.Hardware\H3-chip\H3-chip\Main.SchDoc with RES_0402_100K from myIntlib.IntLib
Replace Part R11 RES_0402_1M in D:\GitHub\H3chip\1.Hardware\H3-chip\H3-chip\Main.SchDoc with RES_0402_1M from myIntlib.IntLib
Replace Part R12 RES_0402_10K in D:\GitHub\H3chip\1.Hardware\H3-chip\H3-chip\Main.SchDoc with RES_0402_10K from myIntlib.IntLib
Replace Part R13 RES_0402_10K in D:\GitHub\H3chip\1.Hardware\H3-chip\H3-chip\Main.SchDoc with RES_0402_10K from myIntlib.IntLib
Replace Part R14 RES_0402_0R in D:\GitHub\H3chip\1.Hardware\H3-chip\H3-chip\Main.SchDoc with RES_0402_0R from myIntlib.IntLib
Replace Part R15 RES_0402_10K in D:\GitHub\H3chip\1.Hardware\H3-chip\H3-chip\Main.SchDoc with RES_0402_10K from myIntlib.IntLib
Replace Part R16 RES_0402_10K in D:\GitHub\H3chip\1.Hardware\H3-chip\H3-chip\Main.SchDoc with RES_0402_10K from myIntlib.IntLib
Replace Part R17 RES_0402_10K in D:\GitHub\H3chip\1.Hardware\H3-chip\H3-chip\Main.SchDoc with RES_0402_10K from myIntlib.IntLib
Replace Part R18 RES_0402_10K in D:\GitHub\H3chip\1.Hardware\H3-chip\H3-chip\Main.SchDoc with RES_0402_10K from myIntlib.IntLib
Replace Part R19 RES_0402_2R in D:\GitHub\H3chip\1.Hardware\H3-chip\H3-chip\Main.SchDoc with RES_0402_2R from myIntlib.IntLib
Replace Part R20 RES_0402_10K in D:\GitHub\H3chip\1.Hardware\H3-chip\H3-chip\Main.SchDoc with RES_0402_10K from myIntlib.IntLib
Replace Part R21 RES_0402_10K in D:\GitHub\H3chip\1.Hardware\H3-chip\H3-chip\Main.SchDoc with RES_0402_10K from myIntlib.IntLib
Replace Part R22 RES_0402_15K in D:\GitHub\H3chip\1.Hardware\H3-chip\H3-chip\Main.SchDoc with RES_0402_15K from myIntlib.IntLib
Replace Part R23 RES_0402_6.8K in D:\GitHub\H3chip\1.Hardware\H3-chip\H3-chip\Main.SchDoc with RES_0402_6.8K from myIntlib.IntLib
Replace Part R24 RES_0402_30K in D:\GitHub\H3chip\1.Hardware\H3-chip\H3-chip\Main.SchDoc with RES_0402_30K from myIntlib.IntLib
Replace Part R25 RES_0402_12K in D:\GitHub\H3chip\1.Hardware\H3-chip\H3-chip\Main.SchDoc with RES_0402_12K from myIntlib.IntLib
Replace Part R26 RES_0402_10K in D:\GitHub\H3chip\1.Hardware\H3-chip\H3-chip\Main.SchDoc with RES_0402_10K from myIntlib.IntLib
Replace Part R27 RES_0402_10K in D:\GitHub\H3chip\1.Hardware\H3-chip\H3-chip\Main.SchDoc with RES_0402_10K from myIntlib.IntLib
Replace Part R30 RES_0402_0R in D:\GitHub\H3chip\1.Hardware\H3-chip\H3-chip\Main.SchDoc with RES_0402_0R from myIntlib.IntLib
Replace Part R31 RES_0402_47K in D:\GitHub\H3chip\1.Hardware\H3-chip\H3-chip\Main.SchDoc with RES_0402_47K from myIntlib.IntLib
Replace Part R33 RES_0402_33R in D:\GitHub\H3chip\1.Hardware\H3-chip\H3-chip\Main.SchDoc with RES_0402_33R from myIntlib.IntLib
Replace Part U1 ALLWINNER-H3 in D:\GitHub\H3chip\1.Hardware\H3-chip\H3-chip\Main.SchDoc with ALLWINNER-H3 from myIntlib.IntLib
Replace Part U2 K4B4G1646D-BCK0 in D:\GitHub\H3chip\1.Hardware\H3-chip\H3-chip\Main.SchDoc with K4B4G1646D-BCK0 from myIntlib.IntLib
Replace Part U3 SY8088AAC in D:\GitHub\H3chip\1.Hardware\H3-chip\H3-chip\Main.SchDoc with SY8088AAC from myIntlib.IntLib
Replace Part U4 RT8059 in D:\GitHub\H3chip\1.Hardware\H3-chip\H3-chip\Main.SchDoc with RT8059 from myIntlib.IntLib
Replace Part U5 RT8059 in D:\GitHub\H3chip\1.Hardware\H3-chip\H3-chip\Main.SchDoc with RT8059 from myIntlib.IntLib
Replace Part U6 MP2143DJ in D:\GitHub\H3chip\1.Hardware\H3-chip\H3-chip\Main.SchDoc with MP2143DJ from myIntlib.IntLib
Replace Part U8 CH340E in D:\GitHub\H3chip\1.Hardware\H3-chip\H3-chip\Main.SchDoc with CH340E from myIntlib.IntLib
Replace Part USB1 MicroUSB in D:\GitHub\H3chip\1.Hardware\H3-chip\H3-chip\Main.SchDoc with MicroUSB from myIntlib.IntLib
Replace Part X1 24MHz Crystal 2520 in D:\GitHub\H3chip\1.Hardware\H3-chip\H3-chip\Main.SchDoc with 24MHz Crystal 2520 from myIntlib.IntLib
