Importer Log Report
Project : H3_REF_DDR3_16X2_V1_0.PrjPcb

Section : Document - D:\GitHub\H3chip\0.Documents\H3硬件参考设计资料Hardware\DRAM参考PCB\sch\H3_REF_DDR3_16X2_V1_0.DSN

    Section : Importing Sheet - 05 DDR3 16X2.SchDoc
        Warning : Junction at (132.08mm,71.12mm) has been added.
        Warning : Junction at (81.28mm,162.56mm) has been removed. It will be automatically calculated.
        Warning : Junction at (81.28mm,165.1mm) has been removed. It will be automatically calculated.
        Warning : Junction at (81.28mm,160.02mm) has been removed. It will be automatically calculated.
        Warning : Junction at (81.28mm,157.48mm) has been removed. It will be automatically calculated.
        Warning : Junction at (81.28mm,154.94mm) has been removed. It will be automatically calculated.
        Warning : Junction at (81.28mm,152.4mm) has been removed. It will be automatically calculated.
        Warning : Junction at (81.28mm,149.86mm) has been removed. It will be automatically calculated.
        Warning : Junction at (81.28mm,142.24mm) has been removed. It will be automatically calculated.
        Warning : Junction at (81.28mm,144.78mm) has been removed. It will be automatically calculated.
        Warning : Junction at (81.28mm,147.32mm) has been removed. It will be automatically calculated.
        Warning : Junction at (284.48mm,195.58mm) has been removed. It will be automatically calculated.
        Warning : Junction at (284.48mm,198.12mm) has been removed. It will be automatically calculated.
        Warning : Junction at (284.48mm,160.02mm) has been removed. It will be automatically calculated.
        Warning : Junction at (284.48mm,187.96mm) has been removed. It will be automatically calculated.
        Warning : Junction at (284.48mm,167.64mm) has been removed. It will be automatically calculated.
        Warning : Junction at (284.48mm,170.18mm) has been removed. It will be automatically calculated.
        Warning : Junction at (284.48mm,180.34mm) has been removed. It will be automatically calculated.
        Warning : Junction at (284.48mm,182.88mm) has been removed. It will be automatically calculated.
        Warning : Junction at (284.48mm,185.42mm) has been removed. It will be automatically calculated.
        Warning : Junction at (284.48mm,172.72mm) has been removed. It will be automatically calculated.
        Warning : Junction at (284.48mm,175.26mm) has been removed. It will be automatically calculated.
        Warning : Junction at (284.48mm,190.5mm) has been removed. It will be automatically calculated.
        Warning : Junction at (284.48mm,193.04mm) has been removed. It will be automatically calculated.
        Warning : Junction at (284.48mm,162.56mm) has been removed. It will be automatically calculated.
        Warning : Junction at (284.48mm,165.1mm) has been removed. It will be automatically calculated.
        Warning : Junction at (284.48mm,177.8mm) has been removed. It will be automatically calculated.
        Warning : Junction at (322.58mm,177.8mm) has been removed. It will be automatically calculated.
        Warning : Junction at (322.58mm,180.34mm) has been removed. It will be automatically calculated.
        Warning : Junction at (322.58mm,167.64mm) has been removed. It will be automatically calculated.
        Warning : Junction at (322.58mm,170.18mm) has been removed. It will be automatically calculated.
        Warning : Junction at (322.58mm,157.48mm) has been removed. It will be automatically calculated.
        Warning : Junction at (322.58mm,142.24mm) has been removed. It will be automatically calculated.
        Warning : Junction at (322.58mm,160.02mm) has been removed. It will be automatically calculated.
        Warning : Junction at (322.58mm,144.78mm) has been removed. It will be automatically calculated.
        Warning : Junction at (322.58mm,147.32mm) has been removed. It will be automatically calculated.
        Warning : Junction at (322.58mm,172.72mm) has been removed. It will be automatically calculated.
        Warning : Junction at (322.58mm,175.26mm) has been removed. It will be automatically calculated.
        Warning : Junction at (322.58mm,162.56mm) has been removed. It will be automatically calculated.
        Warning : Junction at (322.58mm,165.1mm) has been removed. It will be automatically calculated.
        Warning : Junction at (322.58mm,139.7mm) has been removed. It will be automatically calculated.
        Warning : Junction at (322.58mm,149.86mm) has been removed. It will be automatically calculated.
        Warning : Junction at (322.58mm,152.4mm) has been removed. It will be automatically calculated.
        Warning : Junction at (322.58mm,154.94mm) has been removed. It will be automatically calculated.
        Warning : Junction at (322.58mm,182.88mm) has been removed. It will be automatically calculated.
        Warning : Junction at (322.58mm,185.42mm) has been removed. It will be automatically calculated.
        Warning : Junction at (322.58mm,187.96mm) has been removed. It will be automatically calculated.
        Warning : Junction at (193.04mm,170.18mm) has been removed. It will be automatically calculated.
        Warning : Junction at (193.04mm,172.72mm) has been removed. It will be automatically calculated.
        Warning : Junction at (193.04mm,195.58mm) has been removed. It will be automatically calculated.
        Warning : Junction at (193.04mm,198.12mm) has been removed. It will be automatically calculated.
        Warning : Junction at (193.04mm,167.64mm) has been removed. It will be automatically calculated.
        Warning : Junction at (193.04mm,187.96mm) has been removed. It will be automatically calculated.
        Warning : Junction at (193.04mm,180.34mm) has been removed. It will be automatically calculated.
        Warning : Junction at (193.04mm,182.88mm) has been removed. It will be automatically calculated.
        Warning : Junction at (193.04mm,185.42mm) has been removed. It will be automatically calculated.
        Warning : Junction at (193.04mm,190.5mm) has been removed. It will be automatically calculated.
        Warning : Junction at (193.04mm,162.56mm) has been removed. It will be automatically calculated.
        Warning : Junction at (193.04mm,165.1mm) has been removed. It will be automatically calculated.
        Warning : Junction at (193.04mm,175.26mm) has been removed. It will be automatically calculated.
        Warning : Junction at (193.04mm,177.8mm) has been removed. It will be automatically calculated.
        Warning : Junction at (193.04mm,193.04mm) has been removed. It will be automatically calculated.
        Warning : Junction at (231.14mm,139.7mm) has been removed. It will be automatically calculated.
        Warning : Junction at (231.14mm,142.24mm) has been removed. It will be automatically calculated.
        Warning : Junction at (193.04mm,160.02mm) has been removed. It will be automatically calculated.
        Warning : Junction at (231.14mm,180.34mm) has been removed. It will be automatically calculated.
        Warning : Junction at (231.14mm,167.64mm) has been removed. It will be automatically calculated.
        Warning : Junction at (231.14mm,170.18mm) has been removed. It will be automatically calculated.
        Warning : Junction at (231.14mm,157.48mm) has been removed. It will be automatically calculated.
        Warning : Junction at (231.14mm,160.02mm) has been removed. It will be automatically calculated.
        Warning : Junction at (231.14mm,144.78mm) has been removed. It will be automatically calculated.
        Warning : Junction at (231.14mm,147.32mm) has been removed. It will be automatically calculated.
        Warning : Junction at (231.14mm,172.72mm) has been removed. It will be automatically calculated.
        Warning : Junction at (231.14mm,162.56mm) has been removed. It will be automatically calculated.
        Warning : Junction at (231.14mm,165.1mm) has been removed. It will be automatically calculated.
        Warning : Junction at (231.14mm,175.26mm) has been removed. It will be automatically calculated.
        Warning : Junction at (231.14mm,177.8mm) has been removed. It will be automatically calculated.
        Warning : Junction at (231.14mm,149.86mm) has been removed. It will be automatically calculated.
        Warning : Junction at (231.14mm,152.4mm) has been removed. It will be automatically calculated.
        Warning : Junction at (231.14mm,154.94mm) has been removed. It will be automatically calculated.
        Warning : Junction at (231.14mm,182.88mm) has been removed. It will be automatically calculated.
        Warning : Junction at (231.14mm,185.42mm) has been removed. It will be automatically calculated.
        Warning : Junction at (231.14mm,187.96mm) has been removed. It will be automatically calculated.
        Warning : Junction at (172.72mm,63.5mm) has been removed. It will be automatically calculated.
        Warning : Junction at (203.2mm,76.2mm) has been removed. It will be automatically calculated.
        Warning : Junction at (243.84mm,63.5mm) has been removed. It will be automatically calculated.
        Warning : Junction at (233.68mm,63.5mm) has been removed. It will be automatically calculated.
        Warning : Junction at (264.16mm,63.5mm) has been removed. It will be automatically calculated.
        Warning : Junction at (254mm,63.5mm) has been removed. It will be automatically calculated.
        Warning : Junction at (264.16mm,76.2mm) has been removed. It will be automatically calculated.
        Warning : Junction at (254mm,76.2mm) has been removed. It will be automatically calculated.
        Warning : Junction at (274.32mm,76.2mm) has been removed. It will be automatically calculated.
        Warning : Junction at (274.32mm,63.5mm) has been removed. It will be automatically calculated.
        Warning : Junction at (243.84mm,76.2mm) has been removed. It will be automatically calculated.
        Warning : Junction at (203.2mm,63.5mm) has been removed. It will be automatically calculated.
        Warning : Junction at (193.04mm,63.5mm) has been removed. It will be automatically calculated.
        Warning : Junction at (182.88mm,63.5mm) has been removed. It will be automatically calculated.
        Warning : Junction at (193.04mm,76.2mm) has been removed. It will be automatically calculated.
        Warning : Junction at (182.88mm,76.2mm) has been removed. It will be automatically calculated.
        Warning : Junction at (162.56mm,63.5mm) has been removed. It will be automatically calculated.
        Warning : Junction at (121.92mm,25.4mm) has been removed. It will be automatically calculated.
        Warning : Junction at (121.92mm,71.12mm) has been removed. It will be automatically calculated.
        Warning : Junction at (121.92mm,53.34mm) has been removed. It will be automatically calculated.
        Warning : Junction at (172.72mm,76.2mm) has been removed. It will be automatically calculated.
        Warning : Junction at (353.06mm,63.5mm) has been removed. It will be automatically calculated.
        Warning : Junction at (322.58mm,63.5mm) has been removed. It will be automatically calculated.
        Warning : Junction at (342.9mm,63.5mm) has been removed. It will be automatically calculated.
        Warning : Junction at (332.74mm,63.5mm) has been removed. It will be automatically calculated.
        Warning : Junction at (342.9mm,76.2mm) has been removed. It will be automatically calculated.
        Warning : Junction at (332.74mm,76.2mm) has been removed. It will be automatically calculated.
        Warning : Junction at (353.06mm,76.2mm) has been removed. It will be automatically calculated.
        Warning : Junction at (322.58mm,76.2mm) has been removed. It will be automatically calculated.
        Warning : Junction at (17.78mm,78.74mm) has been removed. It will be automatically calculated.
        Warning : Junction at (17.78mm,81.28mm) has been removed. It will be automatically calculated.
        Warning : Junction at (83.82mm,71.12mm) has been removed. It will be automatically calculated.
        Warning : Junction at (83.82mm,73.66mm) has been removed. It will be automatically calculated.
        Warning : Junction at (17.78mm,71.12mm) has been removed. It will be automatically calculated.
        Warning : Junction at (17.78mm,73.66mm) has been removed. It will be automatically calculated.
        Warning : Junction at (17.78mm,96.52mm) has been removed. It will be automatically calculated.
        Warning : Junction at (17.78mm,53.34mm) has been removed. It will be automatically calculated.
        Warning : Junction at (17.78mm,55.88mm) has been removed. It will be automatically calculated.
        Warning : Junction at (17.78mm,66.04mm) has been removed. It will be automatically calculated.
        Warning : Junction at (17.78mm,68.58mm) has been removed. It will be automatically calculated.
        Warning : Junction at (17.78mm,88.9mm) has been removed. It will be automatically calculated.
        Warning : Junction at (17.78mm,91.44mm) has been removed. It will be automatically calculated.
        Warning : Junction at (17.78mm,93.98mm) has been removed. It will be automatically calculated.
        Warning : Junction at (17.78mm,86.36mm) has been removed. It will be automatically calculated.
        Warning : Junction at (17.78mm,83.82mm) has been removed. It will be automatically calculated.
        Warning : Junction at (17.78mm,76.2mm) has been removed. It will be automatically calculated.
        Warning : Junction at (17.78mm,63.5mm) has been removed. It will be automatically calculated.
        Warning : Junction at (17.78mm,60.96mm) has been removed. It will be automatically calculated.
        Warning : Junction at (17.78mm,58.42mm) has been removed. It will be automatically calculated.
        Warning : Junction at (17.78mm,50.8mm) has been removed. It will be automatically calculated.
        Warning : Junction at (83.82mm,96.52mm) has been removed. It will be automatically calculated.
        Warning : Junction at (83.82mm,93.98mm) has been removed. It will be automatically calculated.
        Warning : Junction at (83.82mm,91.44mm) has been removed. It will be automatically calculated.
        Warning : Junction at (83.82mm,88.9mm) has been removed. It will be automatically calculated.
        Warning : Junction at (83.82mm,86.36mm) has been removed. It will be automatically calculated.
        Warning : Junction at (83.82mm,83.82mm) has been removed. It will be automatically calculated.
        Warning : Junction at (83.82mm,81.28mm) has been removed. It will be automatically calculated.
        Warning : Junction at (83.82mm,78.74mm) has been removed. It will be automatically calculated.
        Warning : Junction at (83.82mm,76.2mm) has been removed. It will be automatically calculated.
        Warning : Junction at (83.82mm,68.58mm) has been removed. It will be automatically calculated.
        Warning : Junction at (83.82mm,66.04mm) has been removed. It will be automatically calculated.
        Warning : Junction at (83.82mm,63.5mm) has been removed. It will be automatically calculated.
        Warning : Junction at (83.82mm,60.96mm) has been removed. It will be automatically calculated.
        Warning : Junction at (83.82mm,58.42mm) has been removed. It will be automatically calculated.
        Warning : Junction at (83.82mm,55.88mm) has been removed. It will be automatically calculated.
        Warning : Junction at (83.82mm,53.34mm) has been removed. It will be automatically calculated.
        Warning : Junction at (83.82mm,50.8mm) has been removed. It will be automatically calculated.
        Warning : Junction at (83.82mm,48.26mm) has been removed. It will be automatically calculated.
        Warning : Junction at (83.82mm,45.72mm) has been removed. It will be automatically calculated.
        Warning : Junction at (17.78mm,45.72mm) has been removed. It will be automatically calculated.
        Warning : Junction at (17.78mm,48.26mm) has been removed. It will be automatically calculated.
        Warning : Junction at (83.82mm,43.18mm) has been removed. It will be automatically calculated.
        Warning : Junction at (17.78mm,43.18mm) has been removed. It will be automatically calculated.
        Warning : Junction at (17.78mm,40.64mm) has been removed. It will be automatically calculated.
        Warning : Junction at (311.15mm,31.75mm) has been removed. It will be automatically calculated.
        Warning : Junction at (290.83mm,31.75mm) has been removed. It will be automatically calculated.
        Warning : Junction at (290.83mm,44.45mm) has been removed. It will be automatically calculated.
        Warning : Junction at (300.99mm,31.75mm) has been removed. It will be automatically calculated.
        Warning : Junction at (311.15mm,44.45mm) has been removed. It will be automatically calculated.
        Warning : Junction at (300.99mm,44.45mm) has been removed. It will be automatically calculated.
    EndSection
EndSection
